Using pre-set license
Built from '2022.3/staging' branch; Version is '2022.3.23f1 (dbb3f7c5b5c6) revision 14398455'; Using compiler version '192829333'; Build Type 'Release'
OS: 'Windows 10  (10.0.19045) 64bit ProfessionalWorkstation' Language: 'es' Physical Memory: 16302 MB
BatchMode: 1, IsHumanControllingUs: 0, StartBugReporterOnCrash: 0, Is64bit: 1, IsPro: 1

COMMAND LINE ARGUMENTS:
C:\Program Files\Unity\Hub\Editor\2022.3.23f1\Editor\Unity.exe
-adb2
-batchMode
-noUpm
-name
AssetImportWorker3
-projectPath
C:/Users/ianro/Documents/GitHub/ProyectoMarzo/Unity/PrimerProyecto
-logFile
Logs/AssetImportWorker3.log
-srvPort
50561
Successfully changed project path to: C:/Users/ianro/Documents/GitHub/ProyectoMarzo/Unity/PrimerProyecto
C:/Users/ianro/Documents/GitHub/ProyectoMarzo/Unity/PrimerProyecto
[UnityMemory] Configuration Parameters - Can be set up in boot.config
    "memorysetup-bucket-allocator-granularity=16"
    "memorysetup-bucket-allocator-bucket-count=8"
    "memorysetup-bucket-allocator-block-size=33554432"
    "memorysetup-bucket-allocator-block-count=8"
    "memorysetup-main-allocator-block-size=16777216"
    "memorysetup-thread-allocator-block-size=16777216"
    "memorysetup-gfx-main-allocator-block-size=16777216"
    "memorysetup-gfx-thread-allocator-block-size=16777216"
    "memorysetup-cache-allocator-block-size=4194304"
    "memorysetup-typetree-allocator-block-size=2097152"
    "memorysetup-profiler-bucket-allocator-granularity=16"
    "memorysetup-profiler-bucket-allocator-bucket-count=8"
    "memorysetup-profiler-bucket-allocator-block-size=33554432"
    "memorysetup-profiler-bucket-allocator-block-count=8"
    "memorysetup-profiler-allocator-block-size=16777216"
    "memorysetup-profiler-editor-allocator-block-size=1048576"
    "memorysetup-temp-allocator-size-main=16777216"
    "memorysetup-job-temp-allocator-block-size=2097152"
    "memorysetup-job-temp-allocator-block-size-background=1048576"
    "memorysetup-job-temp-allocator-reduction-small-platforms=262144"
    "memorysetup-allocator-temp-initial-block-size-main=262144"
    "memorysetup-allocator-temp-initial-block-size-worker=262144"
    "memorysetup-temp-allocator-size-background-worker=32768"
    "memorysetup-temp-allocator-size-job-worker=262144"
    "memorysetup-temp-allocator-size-preload-manager=33554432"
    "memorysetup-temp-allocator-size-nav-mesh-worker=65536"
    "memorysetup-temp-allocator-size-audio-worker=65536"
    "memorysetup-temp-allocator-size-cloud-worker=32768"
    "memorysetup-temp-allocator-size-gi-baking-worker=262144"
    "memorysetup-temp-allocator-size-gfx=262144"
Player connection [21568] Host "[IP] 192.168.1.131 [Port] 0 [Flags] 2 [Guid] 1068478358 [EditorId] 1068478358 [Version] 1048832 [Id] WindowsEditor(7,DESKTOP-IGGKOC3) [Debug] 1 [PackageName] WindowsEditor [ProjectName] Editor" joined multi-casting on [225.0.0.222:54997]...

Player connection [21568] Host "[IP] 192.168.1.131 [Port] 0 [Flags] 2 [Guid] 1068478358 [EditorId] 1068478358 [Version] 1048832 [Id] WindowsEditor(7,DESKTOP-IGGKOC3) [Debug] 1 [PackageName] WindowsEditor [ProjectName] Editor" joined alternative multi-casting on [225.0.0.222:34997]...

[Physics::Module] Initialized MultithreadedJobDispatcher with 11 workers.
Refreshing native plugins compatible for Editor in 12.02 ms, found 3 plugins.
Preloading 0 native plugins for Editor in 0.00 ms.
Initialize engine version: 2022.3.23f1 (dbb3f7c5b5c6)
[Subsystems] Discovering subsystems at path C:/Program Files/Unity/Hub/Editor/2022.3.23f1/Editor/Data/Resources/UnitySubsystems
[Subsystems] Discovering subsystems at path C:/Users/ianro/Documents/GitHub/ProyectoMarzo/Unity/PrimerProyecto/Assets
GfxDevice: creating device client; threaded=0; jobified=0
Direct3D:
    Version:  Direct3D 11.0 [level 11.1]
    Renderer: NVIDIA GeForce RTX 2070 SUPER (ID=0x1e84)
    Vendor:   NVIDIA
    VRAM:     7989 MB
    Driver:   31.0.15.5186
Initialize mono
Mono path[0] = 'C:/Program Files/Unity/Hub/Editor/2022.3.23f1/Editor/Data/Managed'
Mono path[1] = 'C:/Program Files/Unity/Hub/Editor/2022.3.23f1/Editor/Data/MonoBleedingEdge/lib/mono/unityjit-win32'
Mono config path = 'C:/Program Files/Unity/Hub/Editor/2022.3.23f1/Editor/Data/MonoBleedingEdge/etc'
Using monoOptions --debugger-agent=transport=dt_socket,embedding=1,server=y,suspend=n,address=127.0.0.1:56168
Begin MonoManager ReloadAssembly
Registering precompiled unity dll's ...
Register platform support module: C:/Program Files/Unity/Hub/Editor/2022.3.23f1/Editor/Data/PlaybackEngines/AndroidPlayer/UnityEditor.Android.Extensions.dll
Register platform support module: C:/Program Files/Unity/Hub/Editor/2022.3.23f1/Editor/Data/PlaybackEngines/WindowsStandaloneSupport/UnityEditor.WindowsStandalone.Extensions.dll
Registered in 0.011356 seconds.
- Loaded All Assemblies, in  0.399 seconds
Native extension for WindowsStandalone target not found
Native extension for Android target not found
Android Extension - Scanning For ADB Devices 274 ms
Mono: successfully reloaded assembly
- Finished resetting the current domain, in  0.655 seconds
Domain Reload Profiling: 1053ms
	BeginReloadAssembly (114ms)
		ExecutionOrderSort (0ms)
		DisableScriptedObjects (0ms)
		BackupInstance (0ms)
		ReleaseScriptingObjects (0ms)
		CreateAndSetChildDomain (1ms)
	RebuildCommonClasses (39ms)
	RebuildNativeTypeToScriptingClass (12ms)
	initialDomainReloadingComplete (65ms)
	LoadAllAssembliesAndSetupDomain (167ms)
		LoadAssemblies (112ms)
		RebuildTransferFunctionScriptingTraits (0ms)
		AnalyzeDomain (165ms)
			TypeCache.Refresh (163ms)
				TypeCache.ScanAssembly (148ms)
			ScanForSourceGeneratedMonoScriptInfo (0ms)
			ResolveRequiredComponents (0ms)
	FinalizeReload (656ms)
		ReleaseScriptCaches (0ms)
		RebuildScriptCaches (0ms)
		SetupLoadedEditorAssemblies (591ms)
			LogAssemblyErrors (0ms)
			InitializePlatformSupportModulesInManaged (404ms)
			SetLoadedEditorAssemblies (4ms)
			RefreshPlugins (0ms)
			BeforeProcessingInitializeOnLoad (2ms)
			ProcessInitializeOnLoadAttributes (127ms)
			ProcessInitializeOnLoadMethodAttributes (55ms)
			AfterProcessingInitializeOnLoad (0ms)
			EditorAssembliesLoaded (0ms)
		ExecutionOrderSort2 (0ms)
		AwakeInstancesAfterBackupRestoration (0ms)
========================================================================
Worker process is ready to serve import requests
Begin MonoManager ReloadAssembly
- Loaded All Assemblies, in  0.672 seconds
Refreshing native plugins compatible for Editor in 3.61 ms, found 3 plugins.
Native extension for WindowsStandalone target not found
Native extension for Android target not found
Package Manager log level set to [2]
[Package Manager] Server::EnsureServerProcessIsRunning -- launch failed, reason: Unity was launched with the -noUpm command-line argument
[Package Manager] UpmClient::Send -- Unable to send message (not connected to UPM process).
[Package Manager] Cannot connect to Unity Package Manager local server
Mono: successfully reloaded assembly
- Finished resetting the current domain, in  0.626 seconds
Domain Reload Profiling: 1295ms
	BeginReloadAssembly (151ms)
		ExecutionOrderSort (0ms)
		DisableScriptedObjects (5ms)
		BackupInstance (0ms)
		ReleaseScriptingObjects (0ms)
		CreateAndSetChildDomain (28ms)
	RebuildCommonClasses (41ms)
	RebuildNativeTypeToScriptingClass (12ms)
	initialDomainReloadingComplete (43ms)
	LoadAllAssembliesAndSetupDomain (421ms)
		LoadAssemblies (298ms)
		RebuildTransferFunctionScriptingTraits (0ms)
		AnalyzeDomain (204ms)
			TypeCache.Refresh (183ms)
				TypeCache.ScanAssembly (165ms)
			ScanForSourceGeneratedMonoScriptInfo (15ms)
			ResolveRequiredComponents (5ms)
	FinalizeReload (626ms)
		ReleaseScriptCaches (0ms)
		RebuildScriptCaches (0ms)
		SetupLoadedEditorAssemblies (449ms)
			LogAssemblyErrors (0ms)
			InitializePlatformSupportModulesInManaged (29ms)
			SetLoadedEditorAssemblies (5ms)
			RefreshPlugins (0ms)
			BeforeProcessingInitializeOnLoad (70ms)
			ProcessInitializeOnLoadAttributes (316ms)
			ProcessInitializeOnLoadMethodAttributes (20ms)
			AfterProcessingInitializeOnLoad (10ms)
			EditorAssembliesLoaded (0ms)
		ExecutionOrderSort2 (0ms)
		AwakeInstancesAfterBackupRestoration (8ms)
Launched and connected shader compiler UnityShaderCompiler.exe after 0.05 seconds
Refreshing native plugins compatible for Editor in 4.20 ms, found 3 plugins.
Preloading 0 native plugins for Editor in 0.00 ms.
Unloading 3101 Unused Serialized files (Serialized files now loaded: 0)
Unloading 32 unused Assets / (57.6 KB). Loaded Objects now: 3566.
Memory consumption went from 129.7 MB to 129.6 MB.
Total: 3.154000 ms (FindLiveObjects: 0.257200 ms CreateObjectMapping: 0.091500 ms MarkObjects: 2.670000 ms  DeleteObjects: 0.134000 ms)

AssetImportParameters requested are different than current active one (requested -> active):
  custom:container-demuxer-ogg: 62fdf1f143b41e24485cea50d1cbac27 -> 
  custom:video-decoder-ogg-theora: a1e56fd34408186e4bbccfd4996cb3dc -> 
  custom:framework-win-MediaFoundation: 216162199b28c13a410421893ffa2e32 -> 
  custom:CustomObjectIndexerAttribute: 9a22284fe3817be447336de3de66b15e -> 
  custom:container-demuxer-webm: 4f35f7cbe854078d1ac9338744f61a02 -> 
  custom:container-muxer-webm: aa71ff27fc2769a1b78a27578f13a17b -> 
  custom:video-decoder-webm-vp8: 9c59270c3fd7afecdb556c50c9e8de78 -> 
  custom:SearchIndexIgnoredProperties: e643bd26f0fe6173181afceb89e7c659 -> 
  custom:AudioImporter_EditorPlatform: d09bf68614088b80899f8185d706f6e7 -> 
  custom:video-encoder-webm-vp8: eb34c28f22e8b96e1ab97ce403110664 -> 
  custom:audio-decoder-ogg-vorbis: bf7c407c2cedff20999df2af8eb42d56 -> 
  custom:audio-encoder-webm-vorbis: bf7c407c2cedff20999df2af8eb42d56 -> 
========================================================================
Received Import Request.
  Time since last request: 3170.014581 seconds.
  path: Assets/3D Gamekit - Environment Pack/Environment/Rocks/Textures/CliffBig01_Normals.tif
  artifactKey: Guid(65b31c2bc8cf7bc4e9d09773ec9e1eab) Importer(815301076,1909f56bfc062723c751e8b465ee728b)
Start importing Assets/3D Gamekit - Environment Pack/Environment/Rocks/Textures/CliffBig01_Normals.tif using Guid(65b31c2bc8cf7bc4e9d09773ec9e1eab) Importer(815301076,1909f56bfc062723c751e8b465ee728b)  -> (artifact id: '5897ba354a57deb9c35d0cf2c2ae1bf7') in 0.106614 seconds
Number of updated asset objects reloaded before import = 0
Number of asset objects unloaded after import = 2
========================================================================
Received Import Request.
  Time since last request: 3.350073 seconds.
  path: Assets/3D Gamekit - Environment Pack/Environment/Rocks/Textures/CliffEdge03_Albedo.tif
  artifactKey: Guid(1a879096dca909e469b114f433374335) Importer(815301076,1909f56bfc062723c751e8b465ee728b)
Start importing Assets/3D Gamekit - Environment Pack/Environment/Rocks/Textures/CliffEdge03_Albedo.tif using Guid(1a879096dca909e469b114f433374335) Importer(815301076,1909f56bfc062723c751e8b465ee728b)  -> (artifact id: 'b78f866372400dbc7aa7385ecd34d977') in 0.019494 seconds
Number of updated asset objects reloaded before import = 0
Number of asset objects unloaded after import = 2
========================================================================
Received Import Request.
  Time since last request: 0.000018 seconds.
  path: Assets/3D Gamekit - Environment Pack/Environment/Rocks/Textures/CliffEdge03_Normals.tif
  artifactKey: Guid(c1636dd3445b2be4d8f0b49c131f0383) Importer(815301076,1909f56bfc062723c751e8b465ee728b)
Start importing Assets/3D Gamekit - Environment Pack/Environment/Rocks/Textures/CliffEdge03_Normals.tif using Guid(c1636dd3445b2be4d8f0b49c131f0383) Importer(815301076,1909f56bfc062723c751e8b465ee728b)  -> (artifact id: '56ef2c23fcb54f408c6b9e0268834a96') in 0.012851 seconds
Number of updated asset objects reloaded before import = 0
Number of asset objects unloaded after import = 2
========================================================================
Received Import Request.
  Time since last request: 0.000020 seconds.
  path: Assets/3D Gamekit - Environment Pack/Environment/Rocks/Textures/CliffEdge04_Albedo.tif
  artifactKey: Guid(43065e33d6a2ab149a4eeb148ef445d0) Importer(815301076,1909f56bfc062723c751e8b465ee728b)
Start importing Assets/3D Gamekit - Environment Pack/Environment/Rocks/Textures/CliffEdge04_Albedo.tif using Guid(43065e33d6a2ab149a4eeb148ef445d0) Importer(815301076,1909f56bfc062723c751e8b465ee728b)  -> (artifact id: 'a2198ca6f97eddaa19b1528099dc1ea1') in 0.012556 seconds
Number of updated asset objects reloaded before import = 0
Number of asset objects unloaded after import = 2
========================================================================
Received Import Request.
  Time since last request: 0.035497 seconds.
  path: Assets/3D Gamekit - Environment Pack/Environment/Rocks/Textures/DistantTerrain_MetallicSmooth.tif
  artifactKey: Guid(97291c21481f446409e5fcb4acd2843e) Importer(815301076,1909f56bfc062723c751e8b465ee728b)
Start importing Assets/3D Gamekit - Environment Pack/Environment/Rocks/Textures/DistantTerrain_MetallicSmooth.tif using Guid(97291c21481f446409e5fcb4acd2843e) Importer(815301076,1909f56bfc062723c751e8b465ee728b)  -> (artifact id: '70303fcb5c8612851d817c8348c16997') in 0.015527 seconds
Number of updated asset objects reloaded before import = 0
Number of asset objects unloaded after import = 2
========================================================================
Received Import Request.
  Time since last request: 0.000014 seconds.
  path: Assets/3D Gamekit - Environment Pack/Environment/Rocks/Textures/DistantTerrain_Normal.tif
  artifactKey: Guid(a33561eee7f31dd479c92688cb9a8537) Importer(815301076,1909f56bfc062723c751e8b465ee728b)
Start importing Assets/3D Gamekit - Environment Pack/Environment/Rocks/Textures/DistantTerrain_Normal.tif using Guid(a33561eee7f31dd479c92688cb9a8537) Importer(815301076,1909f56bfc062723c751e8b465ee728b)  -> (artifact id: '12dda96253391cd435edcb0d51bf8844') in 0.014414 seconds
Number of updated asset objects reloaded before import = 0
Number of asset objects unloaded after import = 2
========================================================================
Received Import Request.
  Time since last request: 0.214856 seconds.
  path: Assets/3D Gamekit - Environment Pack/Environment/Vegetation/Misc/Textures/Fungus_SpecGloss.tif
  artifactKey: Guid(93d3574f2ff8e2e4a9985a0f82feebad) Importer(815301076,1909f56bfc062723c751e8b465ee728b)
Start importing Assets/3D Gamekit - Environment Pack/Environment/Vegetation/Misc/Textures/Fungus_SpecGloss.tif using Guid(93d3574f2ff8e2e4a9985a0f82feebad) Importer(815301076,1909f56bfc062723c751e8b465ee728b)  -> (artifact id: 'cc9a8fa74c7d516133f55e65fade1a62') in 0.015242 seconds
Number of updated asset objects reloaded before import = 0
Number of asset objects unloaded after import = 2
========================================================================
Received Import Request.
  Time since last request: 0.000041 seconds.
  path: Assets/3D Gamekit - Environment Pack/Environment/Vegetation/Misc/Textures/Grass01_Albedo.tif
  artifactKey: Guid(4188a9f5cacb8a54aa76e21640ad6576) Importer(815301076,1909f56bfc062723c751e8b465ee728b)
Start importing Assets/3D Gamekit - Environment Pack/Environment/Vegetation/Misc/Textures/Grass01_Albedo.tif using Guid(4188a9f5cacb8a54aa76e21640ad6576) Importer(815301076,1909f56bfc062723c751e8b465ee728b)  -> (artifact id: '82fd21076a2f1b27ffb3547bc8b093fa') in 0.014607 seconds
Number of updated asset objects reloaded before import = 0
Number of asset objects unloaded after import = 2
========================================================================
Received Import Request.
  Time since last request: 0.484293 seconds.
  path: Assets/3D Gamekit - Environment Pack/Environment/Vegetation/Misc/Textures/GroundCover01_Height.tiff
  artifactKey: Guid(a0571dda65de23a4b8823314c5c31110) Importer(815301076,1909f56bfc062723c751e8b465ee728b)
Start importing Assets/3D Gamekit - Environment Pack/Environment/Vegetation/Misc/Textures/GroundCover01_Height.tiff using Guid(a0571dda65de23a4b8823314c5c31110) Importer(815301076,1909f56bfc062723c751e8b465ee728b)  -> (artifact id: '71c6748897e707b2fb89d3a742804347') in 0.011958 seconds
Number of updated asset objects reloaded before import = 0
Number of asset objects unloaded after import = 2
========================================================================
Received Import Request.
  Time since last request: 0.587736 seconds.
  path: Assets/3D Gamekit - Environment Pack/Environment/Vegetation/Misc/Textures/HangingMoss01_Height.tiff
  artifactKey: Guid(8840f0b95fe6e944886557314f2c42fb) Importer(815301076,1909f56bfc062723c751e8b465ee728b)
Start importing Assets/3D Gamekit - Environment Pack/Environment/Vegetation/Misc/Textures/HangingMoss01_Height.tiff using Guid(8840f0b95fe6e944886557314f2c42fb) Importer(815301076,1909f56bfc062723c751e8b465ee728b)  -> (artifact id: '081e94a71b79da8833805a6fa7668d54') in 0.012670 seconds
Number of updated asset objects reloaded before import = 0
Number of asset objects unloaded after import = 2
========================================================================
Received Import Request.
  Time since last request: 0.059435 seconds.
  path: Assets/3D Gamekit - Environment Pack/Environment/Rocks/Textures/RockFloating01_Albedo.tif
  artifactKey: Guid(99a4c2d1de8595c468a9eab6cfd8cb74) Importer(815301076,1909f56bfc062723c751e8b465ee728b)
Start importing Assets/3D Gamekit - Environment Pack/Environment/Rocks/Textures/RockFloating01_Albedo.tif using Guid(99a4c2d1de8595c468a9eab6cfd8cb74) Importer(815301076,1909f56bfc062723c751e8b465ee728b)  -> (artifact id: '629abfd064ee85173a82e10bd9ad2831') in 0.011464 seconds
Number of updated asset objects reloaded before import = 0
Number of asset objects unloaded after import = 2
========================================================================
Received Import Request.
  Time since last request: 0.000017 seconds.
  path: Assets/3D Gamekit - Environment Pack/Environment/Rocks/Textures/RockFloating01_Normals.tif
  artifactKey: Guid(b7a8e52103b698647939bc8de396cc17) Importer(815301076,1909f56bfc062723c751e8b465ee728b)
Start importing Assets/3D Gamekit - Environment Pack/Environment/Rocks/Textures/RockFloating01_Normals.tif using Guid(b7a8e52103b698647939bc8de396cc17) Importer(815301076,1909f56bfc062723c751e8b465ee728b)  -> (artifact id: '70513116ccc1f9c2adb36a11e9fb7b48') in 0.011566 seconds
Number of updated asset objects reloaded before import = 0
Number of asset objects unloaded after import = 2
========================================================================
Received Import Request.
  Time since last request: 0.000016 seconds.
  path: Assets/3D Gamekit - Environment Pack/Environment/Rocks/Textures/RockFloating02_Albedo.tif
  artifactKey: Guid(01947671e84883f4890a9cac2c971c2e) Importer(815301076,1909f56bfc062723c751e8b465ee728b)
Start importing Assets/3D Gamekit - Environment Pack/Environment/Rocks/Textures/RockFloating02_Albedo.tif using Guid(01947671e84883f4890a9cac2c971c2e) Importer(815301076,1909f56bfc062723c751e8b465ee728b)  -> (artifact id: '74b35df1be68f57e884630c89e5e3698') in 0.009801 seconds
Number of updated asset objects reloaded before import = 0
Number of asset objects unloaded after import = 2
========================================================================
Received Import Request.
  Time since last request: 0.000021 seconds.
  path: Assets/3D Gamekit - Environment Pack/Environment/Rocks/Textures/RockFloating02_Occlusion.tif
  artifactKey: Guid(99b1cc1989812524585b277f42e08a2e) Importer(815301076,1909f56bfc062723c751e8b465ee728b)
Start importing Assets/3D Gamekit - Environment Pack/Environment/Rocks/Textures/RockFloating02_Occlusion.tif using Guid(99b1cc1989812524585b277f42e08a2e) Importer(815301076,1909f56bfc062723c751e8b465ee728b)  -> (artifact id: 'c01de6c67030bd68079d8ff5a80cabcc') in 0.012135 seconds
Number of updated asset objects reloaded before import = 0
Number of asset objects unloaded after import = 2
========================================================================
Received Import Request.
  Time since last request: 0.000025 seconds.
  path: Assets/3D Gamekit - Environment Pack/Environment/Rocks/Textures/RockFloating03_Occlusion.tif
  artifactKey: Guid(edec81df06128604db53ddd2dc62b03a) Importer(815301076,1909f56bfc062723c751e8b465ee728b)
Start importing Assets/3D Gamekit - Environment Pack/Environment/Rocks/Textures/RockFloating03_Occlusion.tif using Guid(edec81df06128604db53ddd2dc62b03a) Importer(815301076,1909f56bfc062723c751e8b465ee728b)  -> (artifact id: '618b0c5bced94663c8ad014fb2fa2e2c') in 0.011827 seconds
Number of updated asset objects reloaded before import = 0
Number of asset objects unloaded after import = 2
========================================================================
Received Import Request.
  Time since last request: 0.000017 seconds.
  path: Assets/3D Gamekit - Environment Pack/Environment/Rocks/Textures/RockLedge01_MetallicSmooth.tif
  artifactKey: Guid(71e719555a5e83f4da18293c27bc6c5f) Importer(815301076,1909f56bfc062723c751e8b465ee728b)
Start importing Assets/3D Gamekit - Environment Pack/Environment/Rocks/Textures/RockLedge01_MetallicSmooth.tif using Guid(71e719555a5e83f4da18293c27bc6c5f) Importer(815301076,1909f56bfc062723c751e8b465ee728b)  -> (artifact id: 'debd441ea03b46572b032b1ab80881c5') in 0.006239 seconds
Number of updated asset objects reloaded before import = 0
Number of asset objects unloaded after import = 2
========================================================================
Received Import Request.
  Time since last request: 0.000018 seconds.
  path: Assets/3D Gamekit - Environment Pack/Environment/Rocks/Textures/RockLedge01_Albedo.tif
  artifactKey: Guid(0c46eac74489d0f4eb18a8d47871fb21) Importer(815301076,1909f56bfc062723c751e8b465ee728b)
Start importing Assets/3D Gamekit - Environment Pack/Environment/Rocks/Textures/RockLedge01_Albedo.tif using Guid(0c46eac74489d0f4eb18a8d47871fb21) Importer(815301076,1909f56bfc062723c751e8b465ee728b)  -> (artifact id: 'dbfd1639f661c69568c7b3736ce785ac') in 0.011981 seconds
Number of updated asset objects reloaded before import = 0
Number of asset objects unloaded after import = 2
========================================================================
Received Import Request.
  Time since last request: 0.008631 seconds.
  path: Assets/3D Gamekit - Environment Pack/Environment/Rocks/Textures/TiledRock_Occlusion.tif
  artifactKey: Guid(5335e10aa9f7de947bbbee37f963a33f) Importer(815301076,1909f56bfc062723c751e8b465ee728b)
Start importing Assets/3D Gamekit - Environment Pack/Environment/Rocks/Textures/TiledRock_Occlusion.tif using Guid(5335e10aa9f7de947bbbee37f963a33f) Importer(815301076,1909f56bfc062723c751e8b465ee728b)  -> (artifact id: 'f4c9dd860ea767c5ab247783e5843f4f') in 0.012181 seconds
Number of updated asset objects reloaded before import = 0
Number of asset objects unloaded after import = 2
========================================================================
Received Import Request.
  Time since last request: 0.000019 seconds.
  path: Assets/3D Gamekit - Environment Pack/Environment/Vegetation/Large/Textures/VegetationLarge02_Albedo.tif
  artifactKey: Guid(7096e129a24c4db479d9bd72f6672130) Importer(815301076,1909f56bfc062723c751e8b465ee728b)
Start importing Assets/3D Gamekit - Environment Pack/Environment/Vegetation/Large/Textures/VegetationLarge02_Albedo.tif using Guid(7096e129a24c4db479d9bd72f6672130) Importer(815301076,1909f56bfc062723c751e8b465ee728b)  -> (artifact id: 'd60f19bff448a451d2622fe7bc28d29c') in 0.011108 seconds
Number of updated asset objects reloaded before import = 0
Number of asset objects unloaded after import = 2
========================================================================
Received Import Request.
  Time since last request: 0.000020 seconds.
  path: Assets/3D Gamekit - Environment Pack/Environment/Vegetation/Large/Textures/VegetationLarge01_MetallicSmooth.tif
  artifactKey: Guid(d1d95268b7dd24d4b8127b46b6fa6909) Importer(815301076,1909f56bfc062723c751e8b465ee728b)
Start importing Assets/3D Gamekit - Environment Pack/Environment/Vegetation/Large/Textures/VegetationLarge01_MetallicSmooth.tif using Guid(d1d95268b7dd24d4b8127b46b6fa6909) Importer(815301076,1909f56bfc062723c751e8b465ee728b)  -> (artifact id: 'b8608b307ea32c62c6fdd23065e35091') in 0.006068 seconds
Number of updated asset objects reloaded before import = 0
Number of asset objects unloaded after import = 2
========================================================================
Received Import Request.
  Time since last request: 0.009185 seconds.
  path: Assets/3D Gamekit - Environment Pack/Environment/Vegetation/Large/Textures/VegetationLarge03_Occlusion.tif
  artifactKey: Guid(bbe1783ae8cd3ea44b5d8d6812de3eea) Importer(815301076,1909f56bfc062723c751e8b465ee728b)
Start importing Assets/3D Gamekit - Environment Pack/Environment/Vegetation/Large/Textures/VegetationLarge03_Occlusion.tif using Guid(bbe1783ae8cd3ea44b5d8d6812de3eea) Importer(815301076,1909f56bfc062723c751e8b465ee728b)  -> (artifact id: 'fda01e972d87e9b48b01ed037e909637') in 0.011672 seconds
Number of updated asset objects reloaded before import = 0
Number of asset objects unloaded after import = 2
========================================================================
Received Import Request.
  Time since last request: 0.000018 seconds.
  path: Assets/3D Gamekit - Environment Pack/Environment/Vegetation/Large/Textures/VegetationLarge05_Albedo.tif
  artifactKey: Guid(d4aca48c86b36644686024e589f57aa3) Importer(815301076,1909f56bfc062723c751e8b465ee728b)
Start importing Assets/3D Gamekit - Environment Pack/Environment/Vegetation/Large/Textures/VegetationLarge05_Albedo.tif using Guid(d4aca48c86b36644686024e589f57aa3) Importer(815301076,1909f56bfc062723c751e8b465ee728b)  -> (artifact id: '0796da92cc8507efa9926b9bd5bd1140') in 0.012398 seconds
Number of updated asset objects reloaded before import = 0
Number of asset objects unloaded after import = 2
========================================================================
Received Import Request.
  Time since last request: 0.000021 seconds.
  path: Assets/3D Gamekit - Environment Pack/Environment/Vegetation/Large/Textures/VegetationLarge04_MetallicSmooth.tif
  artifactKey: Guid(560b9f57c7d3ad74cb6670eef3d161e5) Importer(815301076,1909f56bfc062723c751e8b465ee728b)
Start importing Assets/3D Gamekit - Environment Pack/Environment/Vegetation/Large/Textures/VegetationLarge04_MetallicSmooth.tif using Guid(560b9f57c7d3ad74cb6670eef3d161e5) Importer(815301076,1909f56bfc062723c751e8b465ee728b)  -> (artifact id: 'e2c342ac32ba602cfe49344b6d02bfcd') in 0.006411 seconds
Number of updated asset objects reloaded before import = 0
Number of asset objects unloaded after import = 2
========================================================================
Received Import Request.
  Time since last request: 0.008128 seconds.
  path: Assets/3D Gamekit - Environment Pack/Environment/Vegetation/Large/Textures/VegetationLarge05_Normals.tif
  artifactKey: Guid(acf39c928fcd2b54da1bb7cfe8cad332) Importer(815301076,1909f56bfc062723c751e8b465ee728b)
Start importing Assets/3D Gamekit - Environment Pack/Environment/Vegetation/Large/Textures/VegetationLarge05_Normals.tif using Guid(acf39c928fcd2b54da1bb7cfe8cad332) Importer(815301076,1909f56bfc062723c751e8b465ee728b)  -> (artifact id: '1e119c59e5364c92a8082212a1e4095b') in 0.016430 seconds
Number of updated asset objects reloaded before import = 0
Number of asset objects unloaded after import = 2
========================================================================
Received Import Request.
  Time since last request: 0.527731 seconds.
  path: Assets/3D Gamekit - Environment Pack/Environment/Vegetation/Large/Textures/VegetationLarge07_Occlusion.tif
  artifactKey: Guid(0d48927ad551f0a4d8b7050618394d97) Importer(815301076,1909f56bfc062723c751e8b465ee728b)
Start importing Assets/3D Gamekit - Environment Pack/Environment/Vegetation/Large/Textures/VegetationLarge07_Occlusion.tif using Guid(0d48927ad551f0a4d8b7050618394d97) Importer(815301076,1909f56bfc062723c751e8b465ee728b)  -> (artifact id: '7747bce3bf142d72dea46ff1f2f65ada') in 0.014831 seconds
Number of updated asset objects reloaded before import = 0
Number of asset objects unloaded after import = 2
========================================================================
Received Import Request.
  Time since last request: 0.000013 seconds.
  path: Assets/3D Gamekit - Environment Pack/Environment/Vegetation/Medium/Textures/VegetationMedium01_Albedo.tif
  artifactKey: Guid(d5f22b130f4c4344ca0819aaa74ce1fc) Importer(815301076,1909f56bfc062723c751e8b465ee728b)
Start importing Assets/3D Gamekit - Environment Pack/Environment/Vegetation/Medium/Textures/VegetationMedium01_Albedo.tif using Guid(d5f22b130f4c4344ca0819aaa74ce1fc) Importer(815301076,1909f56bfc062723c751e8b465ee728b)  -> (artifact id: '4d071e047eb321106e0136a5a87ad805') in 0.010384 seconds
Number of updated asset objects reloaded before import = 0
Number of asset objects unloaded after import = 2
========================================================================
Received Import Request.
  Time since last request: 0.043623 seconds.
  path: Assets/3D Gamekit - Environment Pack/Environment/Vegetation/Medium/Textures/VegetationMedium02_Normals.tif
  artifactKey: Guid(4afd5ea213210424a8aa72fdd14ba3bf) Importer(815301076,1909f56bfc062723c751e8b465ee728b)
Start importing Assets/3D Gamekit - Environment Pack/Environment/Vegetation/Medium/Textures/VegetationMedium02_Normals.tif using Guid(4afd5ea213210424a8aa72fdd14ba3bf) Importer(815301076,1909f56bfc062723c751e8b465ee728b)  -> (artifact id: 'c665ace62e568bb8f1cd2d627bc83578') in 0.013866 seconds
Number of updated asset objects reloaded before import = 0
Number of asset objects unloaded after import = 2
========================================================================
Received Import Request.
  Time since last request: 0.000019 seconds.
  path: Assets/3D Gamekit - Environment Pack/Environment/Vegetation/Medium/Textures/VegetationMedium05_MetallicSmooth.tif
  artifactKey: Guid(533f9a2788e0d984e8ceb00cadbc0ec2) Importer(815301076,1909f56bfc062723c751e8b465ee728b)
Start importing Assets/3D Gamekit - Environment Pack/Environment/Vegetation/Medium/Textures/VegetationMedium05_MetallicSmooth.tif using Guid(533f9a2788e0d984e8ceb00cadbc0ec2) Importer(815301076,1909f56bfc062723c751e8b465ee728b)  -> (artifact id: '13417ba889dc2eb891f7d45ffbe79b0c') in 0.006439 seconds
Number of updated asset objects reloaded before import = 0
Number of asset objects unloaded after import = 2
========================================================================
Received Import Request.
  Time since last request: 0.000018 seconds.
  path: Assets/3D Gamekit - Environment Pack/Environment/Vegetation/Medium/Textures/VegetationMedium03_Albedo.tif
  artifactKey: Guid(80f5369fc4433c249a2b12d1cb145742) Importer(815301076,1909f56bfc062723c751e8b465ee728b)
Start importing Assets/3D Gamekit - Environment Pack/Environment/Vegetation/Medium/Textures/VegetationMedium03_Albedo.tif using Guid(80f5369fc4433c249a2b12d1cb145742) Importer(815301076,1909f56bfc062723c751e8b465ee728b)  -> (artifact id: '19798cbfd6f964c0c8d1d9ebf2e97eeb') in 0.011506 seconds
Number of updated asset objects reloaded before import = 0
Number of asset objects unloaded after import = 2
========================================================================
Received Import Request.
  Time since last request: 0.000019 seconds.
  path: Assets/3D Gamekit - Environment Pack/Environment/Vegetation/Medium/Textures/VegetationMedium03_MetallicSmooth.tif
  artifactKey: Guid(97a3d24bf98f7644aaafc8ddf73be86d) Importer(815301076,1909f56bfc062723c751e8b465ee728b)
Start importing Assets/3D Gamekit - Environment Pack/Environment/Vegetation/Medium/Textures/VegetationMedium03_MetallicSmooth.tif using Guid(97a3d24bf98f7644aaafc8ddf73be86d) Importer(815301076,1909f56bfc062723c751e8b465ee728b)  -> (artifact id: '4798163092b254c10f09d71d748b30cd') in 0.006061 seconds
Number of updated asset objects reloaded before import = 0
Number of asset objects unloaded after import = 2
========================================================================
Received Import Request.
  Time since last request: 0.000016 seconds.
  path: Assets/3D Gamekit - Environment Pack/Environment/Vegetation/Medium/Textures/VegetationMedium05_Normal.tif
  artifactKey: Guid(e25aa4f14a4d906459abd5bc39631131) Importer(815301076,1909f56bfc062723c751e8b465ee728b)
Start importing Assets/3D Gamekit - Environment Pack/Environment/Vegetation/Medium/Textures/VegetationMedium05_Normal.tif using Guid(e25aa4f14a4d906459abd5bc39631131) Importer(815301076,1909f56bfc062723c751e8b465ee728b)  -> (artifact id: '2ae36e2d8a7f615224e12e8f6ff09cb8') in 0.013326 seconds
Number of updated asset objects reloaded before import = 0
Number of asset objects unloaded after import = 2
========================================================================
Received Import Request.
  Time since last request: 0.000019 seconds.
  path: Assets/3D Gamekit - Environment Pack/Environment/Vegetation/Small/Textures/VegetationSmall01_Albedo.tif
  artifactKey: Guid(eab18ebe95426f94eac9f1fbd7b18aab) Importer(815301076,1909f56bfc062723c751e8b465ee728b)
Start importing Assets/3D Gamekit - Environment Pack/Environment/Vegetation/Small/Textures/VegetationSmall01_Albedo.tif using Guid(eab18ebe95426f94eac9f1fbd7b18aab) Importer(815301076,1909f56bfc062723c751e8b465ee728b)  -> (artifact id: '802d03bc47a44dcc76e48afb91c29b74') in 0.010854 seconds
Number of updated asset objects reloaded before import = 0
Number of asset objects unloaded after import = 2
========================================================================
Received Import Request.
  Time since last request: 0.015786 seconds.
  path: Assets/3D Gamekit - Environment Pack/Environment/Vegetation/Small/Textures/VegetationSmall01_Occlusion.tif
  artifactKey: Guid(87023a25159e0f34e9853efc28b4dd0d) Importer(815301076,1909f56bfc062723c751e8b465ee728b)
Start importing Assets/3D Gamekit - Environment Pack/Environment/Vegetation/Small/Textures/VegetationSmall01_Occlusion.tif using Guid(87023a25159e0f34e9853efc28b4dd0d) Importer(815301076,1909f56bfc062723c751e8b465ee728b)  -> (artifact id: '7f6d841dc68c26591ea332ad3110447f') in 0.013105 seconds
Number of updated asset objects reloaded before import = 0
Number of asset objects unloaded after import = 2
========================================================================
Received Import Request.
  Time since last request: 0.021533 seconds.
  path: Assets/3D Gamekit - Environment Pack/Environment/Vegetation/Small/Textures/VegetationSmall02_Occlusion.tif
  artifactKey: Guid(5a72504dbeebec64792e24fa6660cc11) Importer(815301076,1909f56bfc062723c751e8b465ee728b)
Start importing Assets/3D Gamekit - Environment Pack/Environment/Vegetation/Small/Textures/VegetationSmall02_Occlusion.tif using Guid(5a72504dbeebec64792e24fa6660cc11) Importer(815301076,1909f56bfc062723c751e8b465ee728b)  -> (artifact id: '7984cfb6369813b56e14f10f82f36ba5') in 0.011424 seconds
Number of updated asset objects reloaded before import = 0
Number of asset objects unloaded after import = 2
========================================================================
Received Import Request.
  Time since last request: 0.000018 seconds.
  path: Assets/3D Gamekit - Environment Pack/Environment/Vegetation/Small/Textures/VegetationSmall03_MetallicSmooth.tif
  artifactKey: Guid(2fa215b7b6f0686488d7029dff74bfa1) Importer(815301076,1909f56bfc062723c751e8b465ee728b)
Start importing Assets/3D Gamekit - Environment Pack/Environment/Vegetation/Small/Textures/VegetationSmall03_MetallicSmooth.tif using Guid(2fa215b7b6f0686488d7029dff74bfa1) Importer(815301076,1909f56bfc062723c751e8b465ee728b)  -> (artifact id: '4a5119a96599dbe5afeeba885f71f0df') in 0.010683 seconds
Number of updated asset objects reloaded before import = 0
Number of asset objects unloaded after import = 2
========================================================================
Received Import Request.
  Time since last request: 0.014420 seconds.
  path: Assets/3D Gamekit - Environment Pack/Environment/Vegetation/Small/Textures/VegetationSmall04_Normals.tif
  artifactKey: Guid(7a42e674e82052d498767e39cb3e5e5f) Importer(815301076,1909f56bfc062723c751e8b465ee728b)
Start importing Assets/3D Gamekit - Environment Pack/Environment/Vegetation/Small/Textures/VegetationSmall04_Normals.tif using Guid(7a42e674e82052d498767e39cb3e5e5f) Importer(815301076,1909f56bfc062723c751e8b465ee728b)  -> (artifact id: 'da9b744397b16b474ca8175513d470d2') in 0.011876 seconds
Number of updated asset objects reloaded before import = 0
Number of asset objects unloaded after import = 2
========================================================================
Received Import Request.
  Time since last request: 0.000015 seconds.
  path: Assets/3D Gamekit - Environment Pack/Environment/Vegetation/Small/Textures/VegetationSmall05_Albedo.tif
  artifactKey: Guid(5f76e7757ae2f554e8030f4a531fdd48) Importer(815301076,1909f56bfc062723c751e8b465ee728b)
Start importing Assets/3D Gamekit - Environment Pack/Environment/Vegetation/Small/Textures/VegetationSmall05_Albedo.tif using Guid(5f76e7757ae2f554e8030f4a531fdd48) Importer(815301076,1909f56bfc062723c751e8b465ee728b)  -> (artifact id: '2139081aa5913796ebc19bf18ced93b9') in 0.010854 seconds
Number of updated asset objects reloaded before import = 0
Number of asset objects unloaded after import = 2
========================================================================
Received Import Request.
  Time since last request: 0.000016 seconds.
  path: Assets/3D Gamekit - Environment Pack/Environment/Vegetation/Small/Textures/VegetationSmall05_Normals.tif
  artifactKey: Guid(b62a405dc2bfda744b7fe99eea37a9ed) Importer(815301076,1909f56bfc062723c751e8b465ee728b)
Start importing Assets/3D Gamekit - Environment Pack/Environment/Vegetation/Small/Textures/VegetationSmall05_Normals.tif using Guid(b62a405dc2bfda744b7fe99eea37a9ed) Importer(815301076,1909f56bfc062723c751e8b465ee728b)  -> (artifact id: '74c05b4847ce0810c3e163e24b4b55b9') in 0.011394 seconds
Number of updated asset objects reloaded before import = 0
Number of asset objects unloaded after import = 2
========================================================================
Received Import Request.
  Time since last request: 0.003721 seconds.
  path: Assets/3D Gamekit - Environment Pack/Environment/Vegetation/Small/Textures/VegetationSmall06_Occlusion.tif
  artifactKey: Guid(5efc7088e25410843baa71c6d9ac3479) Importer(815301076,1909f56bfc062723c751e8b465ee728b)
Start importing Assets/3D Gamekit - Environment Pack/Environment/Vegetation/Small/Textures/VegetationSmall06_Occlusion.tif using Guid(5efc7088e25410843baa71c6d9ac3479) Importer(815301076,1909f56bfc062723c751e8b465ee728b)  -> (artifact id: 'e0b319e9ff82186a67727bf059cc7d46') in 0.012581 seconds
Number of updated asset objects reloaded before import = 0
Number of asset objects unloaded after import = 2
========================================================================
Received Import Request.
  Time since last request: 0.023586 seconds.
  path: Assets/3D Gamekit - Environment Pack/Environment/Vegetation/Small/Textures/VegetationSmall07_Occlusion.tif
  artifactKey: Guid(c88fb38d38e222d43bebe852d47df2e1) Importer(815301076,1909f56bfc062723c751e8b465ee728b)
Start importing Assets/3D Gamekit - Environment Pack/Environment/Vegetation/Small/Textures/VegetationSmall07_Occlusion.tif using Guid(c88fb38d38e222d43bebe852d47df2e1) Importer(815301076,1909f56bfc062723c751e8b465ee728b)  -> (artifact id: '501700283d9f964d1c155565e267de7e') in 0.011766 seconds
Number of updated asset objects reloaded before import = 0
Number of asset objects unloaded after import = 2
========================================================================
Received Import Request.
  Time since last request: 5.727332 seconds.
  path: Assets/3D Gamekit - Environment Pack/Environment/Rocks/Textures/Monument01_Albedo.tif
  artifactKey: Guid(008a6b98c52009a49999ea04da7a0291) Importer(815301076,1909f56bfc062723c751e8b465ee728b)
Start importing Assets/3D Gamekit - Environment Pack/Environment/Rocks/Textures/Monument01_Albedo.tif using Guid(008a6b98c52009a49999ea04da7a0291) Importer(815301076,1909f56bfc062723c751e8b465ee728b)  -> (artifact id: '5a4f6ed60d94f7598cb6d65d70da49b5') in 0.012313 seconds
Number of updated asset objects reloaded before import = 0
Number of asset objects unloaded after import = 2
========================================================================
Received Import Request.
  Time since last request: 0.000559 seconds.
  path: Assets/3D Gamekit - Environment Pack/Environment/Rocks/Textures/Ridge01_Albedo.tif
  artifactKey: Guid(8a546db20b161bd4c8a7dec7f2cff7b5) Importer(815301076,1909f56bfc062723c751e8b465ee728b)
Start importing Assets/3D Gamekit - Environment Pack/Environment/Rocks/Textures/Ridge01_Albedo.tif using Guid(8a546db20b161bd4c8a7dec7f2cff7b5) Importer(815301076,1909f56bfc062723c751e8b465ee728b)  -> (artifact id: 'e46183612b2e5687b0e65fcf81520adc') in 0.012261 seconds
Number of updated asset objects reloaded before import = 0
Number of asset objects unloaded after import = 2
========================================================================
Received Import Request.
  Time since last request: 0.000022 seconds.
  path: Assets/3D Gamekit - Environment Pack/Environment/Rocks/Textures/Ridge01_Occlusion.tif
  artifactKey: Guid(01b856b1c96bb674baaf8ce84f5430f2) Importer(815301076,1909f56bfc062723c751e8b465ee728b)
Start importing Assets/3D Gamekit - Environment Pack/Environment/Rocks/Textures/Ridge01_Occlusion.tif using Guid(01b856b1c96bb674baaf8ce84f5430f2) Importer(815301076,1909f56bfc062723c751e8b465ee728b)  -> (artifact id: '36c7ebd9f074a3c4fac51fabd481c200') in 0.010921 seconds
Number of updated asset objects reloaded before import = 0
Number of asset objects unloaded after import = 2
========================================================================
Received Import Request.
  Time since last request: 0.013147 seconds.
  path: Assets/3D Gamekit - Environment Pack/Environment/Rocks/Textures/Ridge02_Occlusion.tif
  artifactKey: Guid(9a89599e10e4b7643ab35e1ddca3ca99) Importer(815301076,1909f56bfc062723c751e8b465ee728b)
Start importing Assets/3D Gamekit - Environment Pack/Environment/Rocks/Textures/Ridge02_Occlusion.tif using Guid(9a89599e10e4b7643ab35e1ddca3ca99) Importer(815301076,1909f56bfc062723c751e8b465ee728b)  -> (artifact id: '8f1216c1befc3b39eb477987da4deb13') in 0.012728 seconds
Number of updated asset objects reloaded before import = 0
Number of asset objects unloaded after import = 2
========================================================================
Received Import Request.
  Time since last request: 0.000022 seconds.
  path: Assets/3D Gamekit - Environment Pack/Environment/Rocks/Textures/RockChunk01_Normal.tif
  artifactKey: Guid(82483b9cec584734dae281c6cd4652f5) Importer(815301076,1909f56bfc062723c751e8b465ee728b)
Start importing Assets/3D Gamekit - Environment Pack/Environment/Rocks/Textures/RockChunk01_Normal.tif using Guid(82483b9cec584734dae281c6cd4652f5) Importer(815301076,1909f56bfc062723c751e8b465ee728b)  -> (artifact id: 'a99556d0f8651567bf486440d604e3b4') in 0.014783 seconds
Number of updated asset objects reloaded before import = 0
Number of asset objects unloaded after import = 2
========================================================================
Received Import Request.
  Time since last request: 0.000018 seconds.
  path: Assets/3D Gamekit - Environment Pack/Environment/Rocks/Textures/RockDetail_Curvature.tif
  artifactKey: Guid(4f45e2e6beacac943bbcaea20149393c) Importer(815301076,1909f56bfc062723c751e8b465ee728b)
Start importing Assets/3D Gamekit - Environment Pack/Environment/Rocks/Textures/RockDetail_Curvature.tif using Guid(4f45e2e6beacac943bbcaea20149393c) Importer(815301076,1909f56bfc062723c751e8b465ee728b)  -> (artifact id: '5a49ac828ee1262cb2c3e36335361c53') in 0.010553 seconds
Number of updated asset objects reloaded before import = 0
Number of asset objects unloaded after import = 2
========================================================================
Received Prepare
Refreshing native plugins compatible for Editor in 14.53 ms, found 3 plugins.
Preloading 0 native plugins for Editor in 0.00 ms.
Unloading 0 Unused Serialized files (Serialized files now loaded: 0)
Unloading 1 unused Assets / (0.9 KB). Loaded Objects now: 3571.
Memory consumption went from 79.1 MB to 79.1 MB.
Total: 5.263300 ms (FindLiveObjects: 0.552800 ms CreateObjectMapping: 0.110800 ms MarkObjects: 4.560200 ms  DeleteObjects: 0.037500 ms)

Prepare: number of updated asset objects reloaded= 0
AssetImportParameters requested are different than current active one (requested -> active):
  custom:container-demuxer-ogg: 62fdf1f143b41e24485cea50d1cbac27 -> 
  custom:video-decoder-ogg-theora: a1e56fd34408186e4bbccfd4996cb3dc -> 
  custom:framework-win-MediaFoundation: 216162199b28c13a410421893ffa2e32 -> 
  custom:CustomObjectIndexerAttribute: 9a22284fe3817be447336de3de66b15e -> 
  custom:container-demuxer-webm: 4f35f7cbe854078d1ac9338744f61a02 -> 
  custom:container-muxer-webm: aa71ff27fc2769a1b78a27578f13a17b -> 
  custom:video-decoder-webm-vp8: 9c59270c3fd7afecdb556c50c9e8de78 -> 
  custom:SearchIndexIgnoredProperties: e643bd26f0fe6173181afceb89e7c659 -> 
  custom:AudioImporter_EditorPlatform: d09bf68614088b80899f8185d706f6e7 -> 
  custom:video-encoder-webm-vp8: eb34c28f22e8b96e1ab97ce403110664 -> 
  custom:audio-decoder-ogg-vorbis: bf7c407c2cedff20999df2af8eb42d56 -> 
  custom:audio-encoder-webm-vorbis: bf7c407c2cedff20999df2af8eb42d56 -> 
Editor requested this worker to shutdown with reason: Scaling down because of idle timeout
TcpMessagingSession - receive error: operation aborted. errorcode: 995, details: La operación de E/S se anuló por una salida de subproceso o por una solicitud de aplicación.
AssetImportWorker is now disconnected from the server
Process exiting
Exiting without the bug reporter. Application will terminate with return code 0