Using pre-set license
Built from '2022.3/staging' branch; Version is '2022.3.23f1 (dbb3f7c5b5c6) revision 14398455'; Using compiler version '192829333'; Build Type 'Release'
OS: 'Windows 10  (10.0.19045) 64bit ProfessionalWorkstation' Language: 'es' Physical Memory: 16302 MB
BatchMode: 1, IsHumanControllingUs: 0, StartBugReporterOnCrash: 0, Is64bit: 1, IsPro: 1

COMMAND LINE ARGUMENTS:
C:\Program Files\Unity\Hub\Editor\2022.3.23f1\Editor\Unity.exe
-adb2
-batchMode
-noUpm
-name
AssetImportWorker0
-projectPath
C:/Users/ianro/Documents/GitHub/ProyectoMarzo/Unity/PrimerProyecto
-logFile
Logs/AssetImportWorker0.log
-srvPort
50561
Successfully changed project path to: C:/Users/ianro/Documents/GitHub/ProyectoMarzo/Unity/PrimerProyecto
C:/Users/ianro/Documents/GitHub/ProyectoMarzo/Unity/PrimerProyecto
[UnityMemory] Configuration Parameters - Can be set up in boot.config
    "memorysetup-bucket-allocator-granularity=16"
    "memorysetup-bucket-allocator-bucket-count=8"
    "memorysetup-bucket-allocator-block-size=33554432"
    "memorysetup-bucket-allocator-block-count=8"
    "memorysetup-main-allocator-block-size=16777216"
    "memorysetup-thread-allocator-block-size=16777216"
    "memorysetup-gfx-main-allocator-block-size=16777216"
    "memorysetup-gfx-thread-allocator-block-size=16777216"
    "memorysetup-cache-allocator-block-size=4194304"
    "memorysetup-typetree-allocator-block-size=2097152"
    "memorysetup-profiler-bucket-allocator-granularity=16"
    "memorysetup-profiler-bucket-allocator-bucket-count=8"
    "memorysetup-profiler-bucket-allocator-block-size=33554432"
    "memorysetup-profiler-bucket-allocator-block-count=8"
    "memorysetup-profiler-allocator-block-size=16777216"
    "memorysetup-profiler-editor-allocator-block-size=1048576"
    "memorysetup-temp-allocator-size-main=16777216"
    "memorysetup-job-temp-allocator-block-size=2097152"
    "memorysetup-job-temp-allocator-block-size-background=1048576"
    "memorysetup-job-temp-allocator-reduction-small-platforms=262144"
    "memorysetup-allocator-temp-initial-block-size-main=262144"
    "memorysetup-allocator-temp-initial-block-size-worker=262144"
    "memorysetup-temp-allocator-size-background-worker=32768"
    "memorysetup-temp-allocator-size-job-worker=262144"
    "memorysetup-temp-allocator-size-preload-manager=33554432"
    "memorysetup-temp-allocator-size-nav-mesh-worker=65536"
    "memorysetup-temp-allocator-size-audio-worker=65536"
    "memorysetup-temp-allocator-size-cloud-worker=32768"
    "memorysetup-temp-allocator-size-gi-baking-worker=262144"
    "memorysetup-temp-allocator-size-gfx=262144"
Player connection [8980] Host "[IP] 192.168.1.131 [Port] 0 [Flags] 2 [Guid] 4000404801 [EditorId] 4000404801 [Version] 1048832 [Id] WindowsEditor(7,DESKTOP-IGGKOC3) [Debug] 1 [PackageName] WindowsEditor [ProjectName] Editor" joined multi-casting on [225.0.0.222:54997]...

Player connection [8980] Host "[IP] 192.168.1.131 [Port] 0 [Flags] 2 [Guid] 4000404801 [EditorId] 4000404801 [Version] 1048832 [Id] WindowsEditor(7,DESKTOP-IGGKOC3) [Debug] 1 [PackageName] WindowsEditor [ProjectName] Editor" joined alternative multi-casting on [225.0.0.222:34997]...

[Physics::Module] Initialized MultithreadedJobDispatcher with 11 workers.
Refreshing native plugins compatible for Editor in 11.43 ms, found 3 plugins.
Preloading 0 native plugins for Editor in 0.00 ms.
Initialize engine version: 2022.3.23f1 (dbb3f7c5b5c6)
[Subsystems] Discovering subsystems at path C:/Program Files/Unity/Hub/Editor/2022.3.23f1/Editor/Data/Resources/UnitySubsystems
[Subsystems] Discovering subsystems at path C:/Users/ianro/Documents/GitHub/ProyectoMarzo/Unity/PrimerProyecto/Assets
GfxDevice: creating device client; threaded=0; jobified=0
Direct3D:
    Version:  Direct3D 11.0 [level 11.1]
    Renderer: NVIDIA GeForce RTX 2070 SUPER (ID=0x1e84)
    Vendor:   NVIDIA
    VRAM:     7989 MB
    Driver:   31.0.15.5186
Initialize mono
Mono path[0] = 'C:/Program Files/Unity/Hub/Editor/2022.3.23f1/Editor/Data/Managed'
Mono path[1] = 'C:/Program Files/Unity/Hub/Editor/2022.3.23f1/Editor/Data/MonoBleedingEdge/lib/mono/unityjit-win32'
Mono config path = 'C:/Program Files/Unity/Hub/Editor/2022.3.23f1/Editor/Data/MonoBleedingEdge/etc'
Using monoOptions --debugger-agent=transport=dt_socket,embedding=1,server=y,suspend=n,address=127.0.0.1:56924
Begin MonoManager ReloadAssembly
Registering precompiled unity dll's ...
Register platform support module: C:/Program Files/Unity/Hub/Editor/2022.3.23f1/Editor/Data/PlaybackEngines/AndroidPlayer/UnityEditor.Android.Extensions.dll
Register platform support module: C:/Program Files/Unity/Hub/Editor/2022.3.23f1/Editor/Data/PlaybackEngines/WindowsStandaloneSupport/UnityEditor.WindowsStandalone.Extensions.dll
Registered in 0.015127 seconds.
- Loaded All Assemblies, in  0.412 seconds
Native extension for WindowsStandalone target not found
Native extension for Android target not found
Android Extension - Scanning For ADB Devices 260 ms
Mono: successfully reloaded assembly
- Finished resetting the current domain, in  0.614 seconds
Domain Reload Profiling: 1024ms
	BeginReloadAssembly (126ms)
		ExecutionOrderSort (0ms)
		DisableScriptedObjects (0ms)
		BackupInstance (0ms)
		ReleaseScriptingObjects (0ms)
		CreateAndSetChildDomain (1ms)
	RebuildCommonClasses (44ms)
	RebuildNativeTypeToScriptingClass (14ms)
	initialDomainReloadingComplete (80ms)
	LoadAllAssembliesAndSetupDomain (145ms)
		LoadAssemblies (124ms)
		RebuildTransferFunctionScriptingTraits (0ms)
		AnalyzeDomain (143ms)
			TypeCache.Refresh (141ms)
				TypeCache.ScanAssembly (128ms)
			ScanForSourceGeneratedMonoScriptInfo (0ms)
			ResolveRequiredComponents (0ms)
	FinalizeReload (614ms)
		ReleaseScriptCaches (0ms)
		RebuildScriptCaches (0ms)
		SetupLoadedEditorAssemblies (552ms)
			LogAssemblyErrors (0ms)
			InitializePlatformSupportModulesInManaged (378ms)
			SetLoadedEditorAssemblies (4ms)
			RefreshPlugins (0ms)
			BeforeProcessingInitializeOnLoad (2ms)
			ProcessInitializeOnLoadAttributes (119ms)
			ProcessInitializeOnLoadMethodAttributes (48ms)
			AfterProcessingInitializeOnLoad (0ms)
			EditorAssembliesLoaded (0ms)
		ExecutionOrderSort2 (0ms)
		AwakeInstancesAfterBackupRestoration (0ms)
========================================================================
Worker process is ready to serve import requests
Begin MonoManager ReloadAssembly
- Loaded All Assemblies, in  0.705 seconds
Refreshing native plugins compatible for Editor in 3.49 ms, found 3 plugins.
Native extension for WindowsStandalone target not found
Native extension for Android target not found
Package Manager log level set to [2]
[Package Manager] Server::EnsureServerProcessIsRunning -- launch failed, reason: Unity was launched with the -noUpm command-line argument
[Package Manager] UpmClient::Send -- Unable to send message (not connected to UPM process).
[Package Manager] Cannot connect to Unity Package Manager local server
Mono: successfully reloaded assembly
- Finished resetting the current domain, in  0.588 seconds
Domain Reload Profiling: 1290ms
	BeginReloadAssembly (158ms)
		ExecutionOrderSort (0ms)
		DisableScriptedObjects (5ms)
		BackupInstance (0ms)
		ReleaseScriptingObjects (0ms)
		CreateAndSetChildDomain (25ms)
	RebuildCommonClasses (42ms)
	RebuildNativeTypeToScriptingClass (12ms)
	initialDomainReloadingComplete (44ms)
	LoadAllAssembliesAndSetupDomain (445ms)
		LoadAssemblies (330ms)
		RebuildTransferFunctionScriptingTraits (0ms)
		AnalyzeDomain (207ms)
			TypeCache.Refresh (185ms)
				TypeCache.ScanAssembly (167ms)
			ScanForSourceGeneratedMonoScriptInfo (13ms)
			ResolveRequiredComponents (6ms)
	FinalizeReload (588ms)
		ReleaseScriptCaches (0ms)
		RebuildScriptCaches (0ms)
		SetupLoadedEditorAssemblies (425ms)
			LogAssemblyErrors (0ms)
			InitializePlatformSupportModulesInManaged (26ms)
			SetLoadedEditorAssemblies (3ms)
			RefreshPlugins (0ms)
			BeforeProcessingInitializeOnLoad (59ms)
			ProcessInitializeOnLoadAttributes (304ms)
			ProcessInitializeOnLoadMethodAttributes (23ms)
			AfterProcessingInitializeOnLoad (9ms)
			EditorAssembliesLoaded (0ms)
		ExecutionOrderSort2 (0ms)
		AwakeInstancesAfterBackupRestoration (6ms)
Launched and connected shader compiler UnityShaderCompiler.exe after 0.05 seconds
Refreshing native plugins compatible for Editor in 4.68 ms, found 3 plugins.
Preloading 0 native plugins for Editor in 0.00 ms.
Unloading 3100 Unused Serialized files (Serialized files now loaded: 0)
Unloading 32 unused Assets / (57.3 KB). Loaded Objects now: 3565.
Memory consumption went from 129.7 MB to 129.6 MB.
Total: 4.502000 ms (FindLiveObjects: 0.535900 ms CreateObjectMapping: 0.109700 ms MarkObjects: 3.658800 ms  DeleteObjects: 0.195300 ms)

AssetImportParameters requested are different than current active one (requested -> active):
  custom:container-demuxer-ogg: 62fdf1f143b41e24485cea50d1cbac27 -> 
  custom:video-decoder-ogg-theora: a1e56fd34408186e4bbccfd4996cb3dc -> 
  custom:framework-win-MediaFoundation: 216162199b28c13a410421893ffa2e32 -> 
  custom:CustomObjectIndexerAttribute: 9a22284fe3817be447336de3de66b15e -> 
  custom:container-demuxer-webm: 4f35f7cbe854078d1ac9338744f61a02 -> 
  custom:container-muxer-webm: aa71ff27fc2769a1b78a27578f13a17b -> 
  custom:video-decoder-webm-vp8: 9c59270c3fd7afecdb556c50c9e8de78 -> 
  custom:SearchIndexIgnoredProperties: e643bd26f0fe6173181afceb89e7c659 -> 
  custom:AudioImporter_EditorPlatform: d09bf68614088b80899f8185d706f6e7 -> 
  custom:video-encoder-webm-vp8: eb34c28f22e8b96e1ab97ce403110664 -> 
  custom:audio-decoder-ogg-vorbis: bf7c407c2cedff20999df2af8eb42d56 -> 
  custom:audio-encoder-webm-vorbis: bf7c407c2cedff20999df2af8eb42d56 -> 
========================================================================
Received Import Request.
  Time since last request: 2134.895849 seconds.
  path: Assets/3D Gamekit - Environment Pack/Environment/Rocks/Materials/CliffEdge03_Mat.mat
  artifactKey: Guid(30b0f587813f86c44b82c48c7733af87) Importer(815301076,1909f56bfc062723c751e8b465ee728b)
Start importing Assets/3D Gamekit - Environment Pack/Environment/Rocks/Materials/CliffEdge03_Mat.mat using Guid(30b0f587813f86c44b82c48c7733af87) Importer(815301076,1909f56bfc062723c751e8b465ee728b)  -> (artifact id: '823ec98442b663b5dfe0b1a7209469e1') in 0.522329 seconds
Number of updated asset objects reloaded before import = 0
Number of asset objects unloaded after import = 11
========================================================================
Received Import Request.
  Time since last request: 0.000027 seconds.
  path: Assets/3D Gamekit - Environment Pack/Environment/Vegetation/Small/Models/VegetationSmall06.fbx
  artifactKey: Guid(95a59a779c708744f9268e68ea353e42) Importer(815301076,1909f56bfc062723c751e8b465ee728b)
Start importing Assets/3D Gamekit - Environment Pack/Environment/Vegetation/Small/Models/VegetationSmall06.fbx using Guid(95a59a779c708744f9268e68ea353e42) Importer(815301076,1909f56bfc062723c751e8b465ee728b)  -> (artifact id: 'dd94c21e7b2e746600b3cfd3ec00b4bd') in 0.328615 seconds
Number of updated asset objects reloaded before import = 0
Number of asset objects unloaded after import = 25
========================================================================
Received Import Request.
  Time since last request: 0.000019 seconds.
  path: Assets/3D Gamekit - Environment Pack/Environment/Rocks/Prefabs/Ridge01.prefab
  artifactKey: Guid(db95767d890e9294dbb2320bb2987f0a) Importer(815301076,1909f56bfc062723c751e8b465ee728b)
Start importing Assets/3D Gamekit - Environment Pack/Environment/Rocks/Prefabs/Ridge01.prefab using Guid(db95767d890e9294dbb2320bb2987f0a) Importer(815301076,1909f56bfc062723c751e8b465ee728b)  -> (artifact id: '696ded398ad104676336f39535f9b8a8') in 0.046510 seconds
Number of updated asset objects reloaded before import = 0
Number of asset objects unloaded after import = 31
========================================================================
Received Import Request.
  Time since last request: 0.000033 seconds.
  path: Assets/3D Gamekit - Environment Pack/Environment/Vegetation/Small/Materials/VegetationSmall05_Mat.mat
  artifactKey: Guid(5bb53fb18666e0648adc18fe37ef26fd) Importer(815301076,1909f56bfc062723c751e8b465ee728b)
Start importing Assets/3D Gamekit - Environment Pack/Environment/Vegetation/Small/Materials/VegetationSmall05_Mat.mat using Guid(5bb53fb18666e0648adc18fe37ef26fd) Importer(815301076,1909f56bfc062723c751e8b465ee728b)  -> (artifact id: '74f1712f45596f7ff6ca31f8603f134f') in 0.017069 seconds
Number of updated asset objects reloaded before import = 0
Number of asset objects unloaded after import = 5
========================================================================
Received Import Request.
  Time since last request: 0.000017 seconds.
  path: Assets/3D Gamekit - Environment Pack/Environment/Rocks/Models/RockLedge01.fbx
  artifactKey: Guid(21880eb3f26ed7f4ea0648ac43fd486a) Importer(815301076,1909f56bfc062723c751e8b465ee728b)
Start importing Assets/3D Gamekit - Environment Pack/Environment/Rocks/Models/RockLedge01.fbx using Guid(21880eb3f26ed7f4ea0648ac43fd486a) Importer(815301076,1909f56bfc062723c751e8b465ee728b)  -> (artifact id: '6752e69078a13132c5030332c8c46769') in 0.094018 seconds
Number of updated asset objects reloaded before import = 0
Number of asset objects unloaded after import = 31
========================================================================
Received Import Request.
  Time since last request: 0.000018 seconds.
  path: Assets/3D Gamekit - Environment Pack/Environment/Vegetation/Large/Models/VegetationLarge03_02.fbx
  artifactKey: Guid(8eaceb728e8170e4ea6bde32da984bc7) Importer(815301076,1909f56bfc062723c751e8b465ee728b)
Start importing Assets/3D Gamekit - Environment Pack/Environment/Vegetation/Large/Models/VegetationLarge03_02.fbx using Guid(8eaceb728e8170e4ea6bde32da984bc7) Importer(815301076,1909f56bfc062723c751e8b465ee728b)  -> (artifact id: 'b2fefe33e0dbf93ef406622df68558a5') in 0.067344 seconds
Number of updated asset objects reloaded before import = 0
Number of asset objects unloaded after import = 25
========================================================================
Received Import Request.
  Time since last request: 0.000019 seconds.
  path: Assets/3D Gamekit - Environment Pack/Environment/Vegetation/Misc/Models/FungusClump.fbx
  artifactKey: Guid(1bef84e0c7710744fa629af598d7e511) Importer(815301076,1909f56bfc062723c751e8b465ee728b)
Start importing Assets/3D Gamekit - Environment Pack/Environment/Vegetation/Misc/Models/FungusClump.fbx using Guid(1bef84e0c7710744fa629af598d7e511) Importer(815301076,1909f56bfc062723c751e8b465ee728b)  -> (artifact id: '5d9f2b57dd5f8798873c8245709cf49c') in 0.044908 seconds
Number of updated asset objects reloaded before import = 0
Number of asset objects unloaded after import = 13
========================================================================
Received Import Request.
  Time since last request: 0.000018 seconds.
  path: Assets/3D Gamekit - Environment Pack/Environment/Vegetation/Large/Models/VegetationLarge05_02.fbx
  artifactKey: Guid(48e9b3f8587ad7e46afa325dad953978) Importer(815301076,1909f56bfc062723c751e8b465ee728b)
Start importing Assets/3D Gamekit - Environment Pack/Environment/Vegetation/Large/Models/VegetationLarge05_02.fbx using Guid(48e9b3f8587ad7e46afa325dad953978) Importer(815301076,1909f56bfc062723c751e8b465ee728b)  -> (artifact id: '0ea1c65c394dfac335ca27eb940ed914') in 0.067756 seconds
Number of updated asset objects reloaded before import = 0
Number of asset objects unloaded after import = 25
========================================================================
Received Import Request.
  Time since last request: 0.000026 seconds.
  path: Assets/3D Gamekit - Environment Pack/Environment/Rocks/Prefabs/RockFloating02.prefab
  artifactKey: Guid(01218b33accb0c64aa5175d1b08a7d22) Importer(815301076,1909f56bfc062723c751e8b465ee728b)
Start importing Assets/3D Gamekit - Environment Pack/Environment/Rocks/Prefabs/RockFloating02.prefab using Guid(01218b33accb0c64aa5175d1b08a7d22) Importer(815301076,1909f56bfc062723c751e8b465ee728b)  -> (artifact id: '68a4b2763b767f6b6f299cbc94c8327a') in 0.278664 seconds
Number of updated asset objects reloaded before import = 0
Number of asset objects unloaded after import = 25
========================================================================
Received Import Request.
  Time since last request: 0.000017 seconds.
  path: Assets/3D Gamekit - Environment Pack/Environment/Vegetation/Small/Models/VegetationSmall07_02.fbx
  artifactKey: Guid(a7fc7e03dc50d154eb141f19bb0ef3cb) Importer(815301076,1909f56bfc062723c751e8b465ee728b)
Start importing Assets/3D Gamekit - Environment Pack/Environment/Vegetation/Small/Models/VegetationSmall07_02.fbx using Guid(a7fc7e03dc50d154eb141f19bb0ef3cb) Importer(815301076,1909f56bfc062723c751e8b465ee728b)  -> (artifact id: '92537f04ddf5ab7bc73639947b431fc8') in 0.065519 seconds
Number of updated asset objects reloaded before import = 0
Number of asset objects unloaded after import = 25
========================================================================
Received Import Request.
  Time since last request: 0.000031 seconds.
  path: Assets/3D Gamekit - Environment Pack/Environment/Vegetation/Misc/Prefabs/FungusClump.prefab
  artifactKey: Guid(81b4025e3db9d12459931282e4dee5c9) Importer(815301076,1909f56bfc062723c751e8b465ee728b)
Start importing Assets/3D Gamekit - Environment Pack/Environment/Vegetation/Misc/Prefabs/FungusClump.prefab using Guid(81b4025e3db9d12459931282e4dee5c9) Importer(815301076,1909f56bfc062723c751e8b465ee728b)  -> (artifact id: '341383141ef0c6b7f5cf2076bc76682c') in 0.015282 seconds
Number of updated asset objects reloaded before import = 0
Number of asset objects unloaded after import = 13
========================================================================
Received Import Request.
  Time since last request: 0.000019 seconds.
  path: Assets/3D Gamekit - Environment Pack/Environment/Rocks/Materials/RockLedge02_Mat.mat
  artifactKey: Guid(a997cca723ebe0f49ae9612bde2c80f4) Importer(815301076,1909f56bfc062723c751e8b465ee728b)
Start importing Assets/3D Gamekit - Environment Pack/Environment/Rocks/Materials/RockLedge02_Mat.mat using Guid(a997cca723ebe0f49ae9612bde2c80f4) Importer(815301076,1909f56bfc062723c751e8b465ee728b)  -> (artifact id: '3b279be13fb1e9da944b8fba4b74b7cf') in 0.052217 seconds
Number of updated asset objects reloaded before import = 0
Number of asset objects unloaded after import = 11
========================================================================
Received Import Request.
  Time since last request: 0.000021 seconds.
  path: Assets/3D Gamekit - Environment Pack/Environment/Vegetation/Large/Materials/VegetationLarge05_Mat.mat
  artifactKey: Guid(205bc242ff2fee443a22e249009d9c41) Importer(815301076,1909f56bfc062723c751e8b465ee728b)
Start importing Assets/3D Gamekit - Environment Pack/Environment/Vegetation/Large/Materials/VegetationLarge05_Mat.mat using Guid(205bc242ff2fee443a22e249009d9c41) Importer(815301076,1909f56bfc062723c751e8b465ee728b)  -> (artifact id: '8ca7bb459aa09886028f2677d6928f04') in 0.018190 seconds
Number of updated asset objects reloaded before import = 0
Number of asset objects unloaded after import = 5
========================================================================
Received Import Request.
  Time since last request: 0.000020 seconds.
  path: Assets/3D Gamekit - Environment Pack/Environment/Vegetation/Small/Materials/VegetationSmall02_Mat.mat
  artifactKey: Guid(644c4d990d0ad604db9961f895c8b9f9) Importer(815301076,1909f56bfc062723c751e8b465ee728b)
Start importing Assets/3D Gamekit - Environment Pack/Environment/Vegetation/Small/Materials/VegetationSmall02_Mat.mat using Guid(644c4d990d0ad604db9961f895c8b9f9) Importer(815301076,1909f56bfc062723c751e8b465ee728b)  -> (artifact id: '3a2906c350df82cfe14e859c415c60f4') in 0.037900 seconds
Number of updated asset objects reloaded before import = 0
Number of asset objects unloaded after import = 5
========================================================================
Received Import Request.
  Time since last request: 0.000020 seconds.
  path: Assets/3D Gamekit - Environment Pack/Environment/Rocks/Models/SmallRock02.fbx
  artifactKey: Guid(fef53f08537c45b45b13802e05610943) Importer(815301076,1909f56bfc062723c751e8b465ee728b)
Start importing Assets/3D Gamekit - Environment Pack/Environment/Rocks/Models/SmallRock02.fbx using Guid(fef53f08537c45b45b13802e05610943) Importer(815301076,1909f56bfc062723c751e8b465ee728b)  -> (artifact id: '3f1efba2aad2da90750e4e5820e1ae38') in 0.255018 seconds
Number of updated asset objects reloaded before import = 0
Number of asset objects unloaded after import = 11
========================================================================
Received Import Request.
  Time since last request: 0.000018 seconds.
  path: Assets/3D Gamekit - Environment Pack/Environment/Rocks/Materials/RockFloating01_Mat.mat
  artifactKey: Guid(40cfcebf1ef55f74092c951f459bc5c5) Importer(815301076,1909f56bfc062723c751e8b465ee728b)
Start importing Assets/3D Gamekit - Environment Pack/Environment/Rocks/Materials/RockFloating01_Mat.mat using Guid(40cfcebf1ef55f74092c951f459bc5c5) Importer(815301076,1909f56bfc062723c751e8b465ee728b)  -> (artifact id: 'eabdff3a48bc38a21e110d29d268cea0') in 0.034740 seconds
Number of updated asset objects reloaded before import = 0
Number of asset objects unloaded after import = 5
========================================================================
Received Import Request.
  Time since last request: 0.000039 seconds.
  path: Assets/3D Gamekit - Environment Pack/Environment/Vegetation/Medium/Models/VegetationMedium03_02.fbx
  artifactKey: Guid(fd7e1f66388801742b0428f9455766b8) Importer(815301076,1909f56bfc062723c751e8b465ee728b)
Start importing Assets/3D Gamekit - Environment Pack/Environment/Vegetation/Medium/Models/VegetationMedium03_02.fbx using Guid(fd7e1f66388801742b0428f9455766b8) Importer(815301076,1909f56bfc062723c751e8b465ee728b)  -> (artifact id: 'd59a5175b1638159d36c767237e16ccf') in 0.041812 seconds
Number of updated asset objects reloaded before import = 0
Number of asset objects unloaded after import = 26
========================================================================
Received Import Request.
  Time since last request: 0.000017 seconds.
  path: Assets/3D Gamekit - Environment Pack/Environment/Vegetation/Small/Prefabs/VegetationSmall05_02.prefab
  artifactKey: Guid(b08d375135c14144bbd31619762f9659) Importer(815301076,1909f56bfc062723c751e8b465ee728b)
Start importing Assets/3D Gamekit - Environment Pack/Environment/Vegetation/Small/Prefabs/VegetationSmall05_02.prefab using Guid(b08d375135c14144bbd31619762f9659) Importer(815301076,1909f56bfc062723c751e8b465ee728b)  -> (artifact id: 'ee62bb721dd31263b5a7ae1251082b30') in 0.017499 seconds
Number of updated asset objects reloaded before import = 0
Number of asset objects unloaded after import = 25
========================================================================
Received Import Request.
  Time since last request: 0.000017 seconds.
  path: Assets/3D Gamekit - Environment Pack/Environment/Rocks/Materials/CliffBig01_Mat.mat
  artifactKey: Guid(3311bbf097e3ee64ebed88f09c6e5ec1) Importer(815301076,1909f56bfc062723c751e8b465ee728b)
Start importing Assets/3D Gamekit - Environment Pack/Environment/Rocks/Materials/CliffBig01_Mat.mat using Guid(3311bbf097e3ee64ebed88f09c6e5ec1) Importer(815301076,1909f56bfc062723c751e8b465ee728b)  -> (artifact id: 'b9d661f803acb8aceb68f75947d852b7') in 0.098098 seconds
Number of updated asset objects reloaded before import = 0
Number of asset objects unloaded after import = 9
========================================================================
Received Import Request.
  Time since last request: 0.000022 seconds.
  path: Assets/3D Gamekit - Environment Pack/Environment/Vegetation/Misc/Models/HangingMoss03.fbx
  artifactKey: Guid(241f8dd64a94121459199c9b7a6aacf1) Importer(815301076,1909f56bfc062723c751e8b465ee728b)
Start importing Assets/3D Gamekit - Environment Pack/Environment/Vegetation/Misc/Models/HangingMoss03.fbx using Guid(241f8dd64a94121459199c9b7a6aacf1) Importer(815301076,1909f56bfc062723c751e8b465ee728b)  -> (artifact id: '6d747f4ddb6e7ad4da0549f48c3fb388') in 0.333421 seconds
Number of updated asset objects reloaded before import = 0
Number of asset objects unloaded after import = 13
========================================================================
Received Import Request.
  Time since last request: 0.000030 seconds.
  path: Assets/3D Gamekit - Environment Pack/Environment/Vegetation/Small/Prefabs/VegetationSmall03_02.prefab
  artifactKey: Guid(e23ed255362b5b4488e7c1139279287a) Importer(815301076,1909f56bfc062723c751e8b465ee728b)
Start importing Assets/3D Gamekit - Environment Pack/Environment/Vegetation/Small/Prefabs/VegetationSmall03_02.prefab using Guid(e23ed255362b5b4488e7c1139279287a) Importer(815301076,1909f56bfc062723c751e8b465ee728b)  -> (artifact id: '1b1661e894aa2bd3fa7da1460609924a') in 0.015374 seconds
Number of updated asset objects reloaded before import = 0
Number of asset objects unloaded after import = 25
========================================================================
Received Import Request.
  Time since last request: 0.000028 seconds.
  path: Assets/3D Gamekit - Environment Pack/Environment/Rocks/Prefabs/RockChunk01.prefab
  artifactKey: Guid(9e85cff8fd4614a44acc8e71eb39d419) Importer(815301076,1909f56bfc062723c751e8b465ee728b)
Start importing Assets/3D Gamekit - Environment Pack/Environment/Rocks/Prefabs/RockChunk01.prefab using Guid(9e85cff8fd4614a44acc8e71eb39d419) Importer(815301076,1909f56bfc062723c751e8b465ee728b)  -> (artifact id: '88d5eaddb8e9bbe473f53f0ff5897fba') in 0.046329 seconds
Number of updated asset objects reloaded before import = 0
Number of asset objects unloaded after import = 27
========================================================================
Received Import Request.
  Time since last request: 0.000020 seconds.
  path: Assets/3D Gamekit - Environment Pack/Environment/Rocks/Materials/RockLedge01_Mat.mat
  artifactKey: Guid(00036c34b5ae386428e7e2e5470124e9) Importer(815301076,1909f56bfc062723c751e8b465ee728b)
Start importing Assets/3D Gamekit - Environment Pack/Environment/Rocks/Materials/RockLedge01_Mat.mat using Guid(00036c34b5ae386428e7e2e5470124e9) Importer(815301076,1909f56bfc062723c751e8b465ee728b)  -> (artifact id: '51bd7972e84ae4ada805657dde80b979') in 0.026117 seconds
Number of updated asset objects reloaded before import = 0
Number of asset objects unloaded after import = 11
========================================================================
Received Import Request.
  Time since last request: 0.000017 seconds.
  path: Assets/3D Gamekit - Environment Pack/Environment/Vegetation/Small/Materials/VegetationSmall01_Mat.mat
  artifactKey: Guid(896bbfa91dbcbf042994a7e983a4df10) Importer(815301076,1909f56bfc062723c751e8b465ee728b)
Start importing Assets/3D Gamekit - Environment Pack/Environment/Vegetation/Small/Materials/VegetationSmall01_Mat.mat using Guid(896bbfa91dbcbf042994a7e983a4df10) Importer(815301076,1909f56bfc062723c751e8b465ee728b)  -> (artifact id: '13787f5963c0837f38bc5f7466208ebf') in 0.213835 seconds
Number of updated asset objects reloaded before import = 0
Number of asset objects unloaded after import = 6
========================================================================
Received Import Request.
  Time since last request: 0.000018 seconds.
  path: Assets/3D Gamekit - Environment Pack/Environment/Rocks/Models/SmallRock03.fbx
  artifactKey: Guid(444c567cdf5dbb548861108ecae53204) Importer(815301076,1909f56bfc062723c751e8b465ee728b)
Start importing Assets/3D Gamekit - Environment Pack/Environment/Rocks/Models/SmallRock03.fbx using Guid(444c567cdf5dbb548861108ecae53204) Importer(815301076,1909f56bfc062723c751e8b465ee728b)  -> (artifact id: '4a7d8fa1543ba58355929e09c7bf62f4') in 0.020280 seconds
Number of updated asset objects reloaded before import = 0
Number of asset objects unloaded after import = 11
========================================================================
Received Import Request.
  Time since last request: 0.000026 seconds.
  path: Assets/3D Gamekit - Environment Pack/Environment/Vegetation/Misc/Materials/Grass_01_Mat.mat
  artifactKey: Guid(5efb96c2e1892fd4db5e59e62a7b8d28) Importer(815301076,1909f56bfc062723c751e8b465ee728b)
Start importing Assets/3D Gamekit - Environment Pack/Environment/Vegetation/Misc/Materials/Grass_01_Mat.mat using Guid(5efb96c2e1892fd4db5e59e62a7b8d28) Importer(815301076,1909f56bfc062723c751e8b465ee728b)  -> (artifact id: '9aee615df3bca3c9d5454d93f49a5ca4') in 0.016078 seconds
Number of updated asset objects reloaded before import = 0
Number of asset objects unloaded after import = 6
========================================================================
Received Import Request.
  Time since last request: 0.000019 seconds.
  path: Assets/3D Gamekit - Environment Pack/Environment/Vegetation/Misc/Materials/Fungus_Green_Mat.mat
  artifactKey: Guid(818da8cc54db9d04c87f140f62564f6b) Importer(815301076,1909f56bfc062723c751e8b465ee728b)
Start importing Assets/3D Gamekit - Environment Pack/Environment/Vegetation/Misc/Materials/Fungus_Green_Mat.mat using Guid(818da8cc54db9d04c87f140f62564f6b) Importer(815301076,1909f56bfc062723c751e8b465ee728b)  -> (artifact id: '8cb57dd2e438b688e415d29bf4b8de8b') in 0.017474 seconds
Number of updated asset objects reloaded before import = 0
Number of asset objects unloaded after import = 6
========================================================================
Received Import Request.
  Time since last request: 0.000016 seconds.
  path: Assets/3D Gamekit - Environment Pack/Environment/Rocks/Materials/SmallRocks_mat.mat
  artifactKey: Guid(24b3cf5e007db204db421522f1ec1592) Importer(815301076,1909f56bfc062723c751e8b465ee728b)
Start importing Assets/3D Gamekit - Environment Pack/Environment/Rocks/Materials/SmallRocks_mat.mat using Guid(24b3cf5e007db204db421522f1ec1592) Importer(815301076,1909f56bfc062723c751e8b465ee728b)  -> (artifact id: '562704b8c3c511536d801a5963dc7995') in 0.015306 seconds
Number of updated asset objects reloaded before import = 0
Number of asset objects unloaded after import = 4
========================================================================
Received Import Request.
  Time since last request: 0.000021 seconds.
  path: Assets/3D Gamekit - Environment Pack/Environment/Vegetation/Large/Prefabs/VegetationLarge05.prefab
  artifactKey: Guid(f08e5ea660670054a986fe368e4ae5ce) Importer(815301076,1909f56bfc062723c751e8b465ee728b)
Start importing Assets/3D Gamekit - Environment Pack/Environment/Vegetation/Large/Prefabs/VegetationLarge05.prefab using Guid(f08e5ea660670054a986fe368e4ae5ce) Importer(815301076,1909f56bfc062723c751e8b465ee728b)  -> (artifact id: '92146cfbb39e9a8eff469da314621914') in 0.020418 seconds
Number of updated asset objects reloaded before import = 0
Number of asset objects unloaded after import = 25
========================================================================
Received Import Request.
  Time since last request: 0.000017 seconds.
  path: Assets/3D Gamekit - Environment Pack/Environment/Vegetation/Large/Prefabs/VegetationLarge04.prefab
  artifactKey: Guid(1ca3cfb26290fbe4e8316579f01640c5) Importer(815301076,1909f56bfc062723c751e8b465ee728b)
Start importing Assets/3D Gamekit - Environment Pack/Environment/Vegetation/Large/Prefabs/VegetationLarge04.prefab using Guid(1ca3cfb26290fbe4e8316579f01640c5) Importer(815301076,1909f56bfc062723c751e8b465ee728b)  -> (artifact id: '8f06dd12bbbf77864f35ffcde80cf2dd') in 0.020294 seconds
Number of updated asset objects reloaded before import = 0
Number of asset objects unloaded after import = 25
========================================================================
Received Import Request.
  Time since last request: 0.000024 seconds.
  path: Assets/3D Gamekit - Environment Pack/Environment/Vegetation/Large/Prefabs/VegetationLarge06.prefab
  artifactKey: Guid(5700a799dc8c0ff42ae93ef52986c997) Importer(815301076,1909f56bfc062723c751e8b465ee728b)
Start importing Assets/3D Gamekit - Environment Pack/Environment/Vegetation/Large/Prefabs/VegetationLarge06.prefab using Guid(5700a799dc8c0ff42ae93ef52986c997) Importer(815301076,1909f56bfc062723c751e8b465ee728b)  -> (artifact id: '324c2e63b3ca5fad7462126e9d167f11') in 0.046618 seconds
Number of updated asset objects reloaded before import = 0
Number of asset objects unloaded after import = 26
========================================================================
Received Import Request.
  Time since last request: 0.000018 seconds.
  path: Assets/3D Gamekit - Environment Pack/Environment/Rocks/Prefabs/RockSwamp01.prefab
  artifactKey: Guid(1a720fce6a933fd4994901305c9bd5d9) Importer(815301076,1909f56bfc062723c751e8b465ee728b)
Start importing Assets/3D Gamekit - Environment Pack/Environment/Rocks/Prefabs/RockSwamp01.prefab using Guid(1a720fce6a933fd4994901305c9bd5d9) Importer(815301076,1909f56bfc062723c751e8b465ee728b)  -> (artifact id: 'f507760492fd0a274f8abe505a66b4c2') in 0.044074 seconds
Number of updated asset objects reloaded before import = 0
Number of asset objects unloaded after import = 31
========================================================================
Received Import Request.
  Time since last request: 0.000019 seconds.
  path: Assets/3D Gamekit - Environment Pack/Environment/Rocks/Prefabs/SmallRock03.prefab
  artifactKey: Guid(28f22d3d16442a14db3edfbe47bdb3f5) Importer(815301076,1909f56bfc062723c751e8b465ee728b)
Start importing Assets/3D Gamekit - Environment Pack/Environment/Rocks/Prefabs/SmallRock03.prefab using Guid(28f22d3d16442a14db3edfbe47bdb3f5) Importer(815301076,1909f56bfc062723c751e8b465ee728b)  -> (artifact id: 'cca7eabbae9e855a8f15be2fdbdbd507') in 0.018953 seconds
Number of updated asset objects reloaded before import = 0
Number of asset objects unloaded after import = 11
========================================================================
Received Import Request.
  Time since last request: 0.000026 seconds.
  path: Assets/3D Gamekit - Environment Pack/Environment/Vegetation/Small/Prefabs/VegetationSmall07_02.prefab
  artifactKey: Guid(0c10f8e7dae19a741938bcbf847384f1) Importer(815301076,1909f56bfc062723c751e8b465ee728b)
Start importing Assets/3D Gamekit - Environment Pack/Environment/Vegetation/Small/Prefabs/VegetationSmall07_02.prefab using Guid(0c10f8e7dae19a741938bcbf847384f1) Importer(815301076,1909f56bfc062723c751e8b465ee728b)  -> (artifact id: '72b0931824cc7f0f4ead0ef7e10c4516') in 0.016351 seconds
Number of updated asset objects reloaded before import = 0
Number of asset objects unloaded after import = 25
========================================================================
Received Import Request.
  Time since last request: 0.000024 seconds.
  path: Assets/3D Gamekit - Environment Pack/Environment/Rocks/Models/CliffBig02.fbx
  artifactKey: Guid(4c27bf02daa2a7248821d10516e3a864) Importer(815301076,1909f56bfc062723c751e8b465ee728b)
Start importing Assets/3D Gamekit - Environment Pack/Environment/Rocks/Models/CliffBig02.fbx using Guid(4c27bf02daa2a7248821d10516e3a864) Importer(815301076,1909f56bfc062723c751e8b465ee728b)  -> (artifact id: 'e8767f0e24eda3e057d76278e59dec2e') in 0.078687 seconds
Number of updated asset objects reloaded before import = 0
Number of asset objects unloaded after import = 31
========================================================================
Received Import Request.
  Time since last request: 0.000029 seconds.
  path: Assets/3D Gamekit - Environment Pack/Environment/Vegetation/Misc/Models/GroundCover01.fbx
  artifactKey: Guid(2498c7bd50bb5824898f8d36624375f4) Importer(815301076,1909f56bfc062723c751e8b465ee728b)
Start importing Assets/3D Gamekit - Environment Pack/Environment/Vegetation/Misc/Models/GroundCover01.fbx using Guid(2498c7bd50bb5824898f8d36624375f4) Importer(815301076,1909f56bfc062723c751e8b465ee728b)  -> (artifact id: '184bc1c8daea20e89c40e405a9b6bab0') in 0.022654 seconds
Number of updated asset objects reloaded before import = 0
Number of asset objects unloaded after import = 13
========================================================================
Received Import Request.
  Time since last request: 0.000017 seconds.
  path: Assets/3D Gamekit - Environment Pack/Environment/Vegetation/Small/Prefabs/VegetationSmall07_03.prefab
  artifactKey: Guid(be52c3bb2c6d44f4f90e2bfb47309bbc) Importer(815301076,1909f56bfc062723c751e8b465ee728b)
Start importing Assets/3D Gamekit - Environment Pack/Environment/Vegetation/Small/Prefabs/VegetationSmall07_03.prefab using Guid(be52c3bb2c6d44f4f90e2bfb47309bbc) Importer(815301076,1909f56bfc062723c751e8b465ee728b)  -> (artifact id: 'fcdc2a275e00cbbc3e9c304ae2eadd06') in 0.019588 seconds
Number of updated asset objects reloaded before import = 0
Number of asset objects unloaded after import = 25
========================================================================
Received Import Request.
  Time since last request: 0.000019 seconds.
  path: Assets/3D Gamekit - Environment Pack/Environment/Vegetation/Small/Models/VegetationSmall07_03.fbx
  artifactKey: Guid(8ca07e83a1542b842b8d4f9579768b26) Importer(815301076,1909f56bfc062723c751e8b465ee728b)
Start importing Assets/3D Gamekit - Environment Pack/Environment/Vegetation/Small/Models/VegetationSmall07_03.fbx using Guid(8ca07e83a1542b842b8d4f9579768b26) Importer(815301076,1909f56bfc062723c751e8b465ee728b)  -> (artifact id: '2e10430897897ebfa89aeede2f6cb530') in 0.046991 seconds
Number of updated asset objects reloaded before import = 0
Number of asset objects unloaded after import = 25
========================================================================
Received Import Request.
  Time since last request: 0.000018 seconds.
  path: Assets/3D Gamekit - Environment Pack/Environment/Vegetation/Medium/Materials/VegetationMedium04_Mat.mat
  artifactKey: Guid(43ce1333640909546895d8ccb1b70cc1) Importer(815301076,1909f56bfc062723c751e8b465ee728b)
Start importing Assets/3D Gamekit - Environment Pack/Environment/Vegetation/Medium/Materials/VegetationMedium04_Mat.mat using Guid(43ce1333640909546895d8ccb1b70cc1) Importer(815301076,1909f56bfc062723c751e8b465ee728b)  -> (artifact id: 'cda332de10efeb0c83f3ab74220d8df5') in 0.017749 seconds
Number of updated asset objects reloaded before import = 0
Number of asset objects unloaded after import = 6
========================================================================
Received Import Request.
  Time since last request: 0.000022 seconds.
  path: Assets/3D Gamekit - Environment Pack/Environment/Rocks/Models/RockFloating02.fbx
  artifactKey: Guid(28deb9f2de69da84a8b4690810e91ebb) Importer(815301076,1909f56bfc062723c751e8b465ee728b)
Start importing Assets/3D Gamekit - Environment Pack/Environment/Rocks/Models/RockFloating02.fbx using Guid(28deb9f2de69da84a8b4690810e91ebb) Importer(815301076,1909f56bfc062723c751e8b465ee728b)  -> (artifact id: 'a3643efdd1307349260a60809bc8a5ed') in 0.048065 seconds
Number of updated asset objects reloaded before import = 0
Number of asset objects unloaded after import = 25
========================================================================
Received Import Request.
  Time since last request: 0.000023 seconds.
  path: Assets/3D Gamekit - Environment Pack/Environment/Vegetation/Misc/Prefabs/HangingMoss02.prefab
  artifactKey: Guid(4ae69f10b2fc9b7428dbbb967983ec71) Importer(815301076,1909f56bfc062723c751e8b465ee728b)
Start importing Assets/3D Gamekit - Environment Pack/Environment/Vegetation/Misc/Prefabs/HangingMoss02.prefab using Guid(4ae69f10b2fc9b7428dbbb967983ec71) Importer(815301076,1909f56bfc062723c751e8b465ee728b)  -> (artifact id: 'd1b3a3edef5cc777c0b16c50eccb6663') in 0.017856 seconds
Number of updated asset objects reloaded before import = 0
Number of asset objects unloaded after import = 13
========================================================================
Received Import Request.
  Time since last request: 0.000030 seconds.
  path: Assets/3D Gamekit - Environment Pack/Environment/Vegetation/Misc/Prefabs/HangingMoss03.prefab
  artifactKey: Guid(71986e519c316bc43badc381272cd9e9) Importer(815301076,1909f56bfc062723c751e8b465ee728b)
Start importing Assets/3D Gamekit - Environment Pack/Environment/Vegetation/Misc/Prefabs/HangingMoss03.prefab using Guid(71986e519c316bc43badc381272cd9e9) Importer(815301076,1909f56bfc062723c751e8b465ee728b)  -> (artifact id: '2ecf63f47eb51ab8b28140a752160e8c') in 0.018942 seconds
Number of updated asset objects reloaded before import = 0
Number of asset objects unloaded after import = 13
========================================================================
Received Import Request.
  Time since last request: 0.000018 seconds.
  path: Assets/3D Gamekit - Environment Pack/Environment/Rocks/Prefabs/SmallRock01.prefab
  artifactKey: Guid(e95691d55c71c8a4198baac457c2ade7) Importer(815301076,1909f56bfc062723c751e8b465ee728b)
Start importing Assets/3D Gamekit - Environment Pack/Environment/Rocks/Prefabs/SmallRock01.prefab using Guid(e95691d55c71c8a4198baac457c2ade7) Importer(815301076,1909f56bfc062723c751e8b465ee728b)  -> (artifact id: 'f5cfcbd2b63fd2ca28c3c5596b668f7d') in 0.014295 seconds
Number of updated asset objects reloaded before import = 0
Number of asset objects unloaded after import = 11
========================================================================
Received Import Request.
  Time since last request: 0.000025 seconds.
  path: Assets/3D Gamekit - Environment Pack/Environment/Vegetation/Small/Prefabs/VegetationSmall05_03.prefab
  artifactKey: Guid(448075d1d58619143b957aeb41885003) Importer(815301076,1909f56bfc062723c751e8b465ee728b)
Start importing Assets/3D Gamekit - Environment Pack/Environment/Vegetation/Small/Prefabs/VegetationSmall05_03.prefab using Guid(448075d1d58619143b957aeb41885003) Importer(815301076,1909f56bfc062723c751e8b465ee728b)  -> (artifact id: 'e3830c620534ed5ffd61dcd71be11e72') in 0.017985 seconds
Number of updated asset objects reloaded before import = 0
Number of asset objects unloaded after import = 25
========================================================================
Received Import Request.
  Time since last request: 0.000017 seconds.
  path: Assets/3D Gamekit - Environment Pack/Environment/Vegetation/Small/Prefabs/VegetationSmall05.prefab
  artifactKey: Guid(483ae19f3dc070b4fb1bcfb2eeaec585) Importer(815301076,1909f56bfc062723c751e8b465ee728b)
Start importing Assets/3D Gamekit - Environment Pack/Environment/Vegetation/Small/Prefabs/VegetationSmall05.prefab using Guid(483ae19f3dc070b4fb1bcfb2eeaec585) Importer(815301076,1909f56bfc062723c751e8b465ee728b)  -> (artifact id: 'b896254848cce5fbb33d8f5b94f0154e') in 0.018096 seconds
Number of updated asset objects reloaded before import = 0
Number of asset objects unloaded after import = 25
========================================================================
Received Import Request.
  Time since last request: 0.000017 seconds.
  path: Assets/3D Gamekit - Environment Pack/Environment/Rocks/Prefabs/RockFloating04.prefab
  artifactKey: Guid(11aa281cc23caa147bfa0d4108fc202d) Importer(815301076,1909f56bfc062723c751e8b465ee728b)
Start importing Assets/3D Gamekit - Environment Pack/Environment/Rocks/Prefabs/RockFloating04.prefab using Guid(11aa281cc23caa147bfa0d4108fc202d) Importer(815301076,1909f56bfc062723c751e8b465ee728b)  -> (artifact id: '49fb537e75115fe103d94c8a5b7c9198') in 0.021237 seconds
Number of updated asset objects reloaded before import = 0
Number of asset objects unloaded after import = 25
========================================================================
Received Import Request.
  Time since last request: 0.000024 seconds.
  path: Assets/3D Gamekit - Environment Pack/Environment/Vegetation/Large/Models/VegetationLarge05.fbx
  artifactKey: Guid(d64fd6a0931b7a34389216abb957525d) Importer(815301076,1909f56bfc062723c751e8b465ee728b)
Start importing Assets/3D Gamekit - Environment Pack/Environment/Vegetation/Large/Models/VegetationLarge05.fbx using Guid(d64fd6a0931b7a34389216abb957525d) Importer(815301076,1909f56bfc062723c751e8b465ee728b)  -> (artifact id: '4834ae85106bc6b7359ab19437c72bd2') in 0.042168 seconds
Number of updated asset objects reloaded before import = 0
Number of asset objects unloaded after import = 25
========================================================================
Received Import Request.
  Time since last request: 0.000017 seconds.
  path: Assets/3D Gamekit - Environment Pack/Environment/Vegetation/Medium/Models/VegetationMedium02_02.fbx
  artifactKey: Guid(694d4c8cb17042b469027db61e6a82f5) Importer(815301076,1909f56bfc062723c751e8b465ee728b)
Start importing Assets/3D Gamekit - Environment Pack/Environment/Vegetation/Medium/Models/VegetationMedium02_02.fbx using Guid(694d4c8cb17042b469027db61e6a82f5) Importer(815301076,1909f56bfc062723c751e8b465ee728b)  -> (artifact id: '25dab30e6905831a65cfe8661a4d2f6d') in 0.049833 seconds
Number of updated asset objects reloaded before import = 0
Number of asset objects unloaded after import = 26
========================================================================
Received Import Request.
  Time since last request: 0.000021 seconds.
  path: Assets/3D Gamekit - Environment Pack/Environment/Rocks/Models/RockSwamp01.fbx
  artifactKey: Guid(0e7a0cbe96ebe3747a42d2e165016ddc) Importer(815301076,1909f56bfc062723c751e8b465ee728b)
Start importing Assets/3D Gamekit - Environment Pack/Environment/Rocks/Models/RockSwamp01.fbx using Guid(0e7a0cbe96ebe3747a42d2e165016ddc) Importer(815301076,1909f56bfc062723c751e8b465ee728b)  -> (artifact id: '7e8651cf18c165a138ea01251e582df3') in 0.043796 seconds
Number of updated asset objects reloaded before import = 0
Number of asset objects unloaded after import = 31
========================================================================
Received Import Request.
  Time since last request: 0.000018 seconds.
  path: Assets/3D Gamekit - Environment Pack/Environment/Vegetation/Large/Prefabs/VegetationLarge01_02.prefab
  artifactKey: Guid(7bc15f8ed2c28684492c30d11068928e) Importer(815301076,1909f56bfc062723c751e8b465ee728b)
Start importing Assets/3D Gamekit - Environment Pack/Environment/Vegetation/Large/Prefabs/VegetationLarge01_02.prefab using Guid(7bc15f8ed2c28684492c30d11068928e) Importer(815301076,1909f56bfc062723c751e8b465ee728b)  -> (artifact id: 'd074f0bd263a5cb1c78169d2c62fa9e7') in 0.017152 seconds
Number of updated asset objects reloaded before import = 0
Number of asset objects unloaded after import = 25
========================================================================
Received Import Request.
  Time since last request: 0.000024 seconds.
  path: Assets/3D Gamekit - Environment Pack/Environment/Rocks/Prefabs/RockLedge02.prefab
  artifactKey: Guid(2c7892a4e5161614fa260b497adaa41c) Importer(815301076,1909f56bfc062723c751e8b465ee728b)
Start importing Assets/3D Gamekit - Environment Pack/Environment/Rocks/Prefabs/RockLedge02.prefab using Guid(2c7892a4e5161614fa260b497adaa41c) Importer(815301076,1909f56bfc062723c751e8b465ee728b)  -> (artifact id: '9f24cf5a57f45ee987fe0d314d65a79d') in 0.022953 seconds
Number of updated asset objects reloaded before import = 0
Number of asset objects unloaded after import = 31
========================================================================
Received Import Request.
  Time since last request: 0.000021 seconds.
  path: Assets/3D Gamekit - Environment Pack/Environment/Vegetation/Large/Prefabs/VegetationLarge07.prefab
  artifactKey: Guid(bcf2814cdb09f4c4b8f6f27937fb62b3) Importer(815301076,1909f56bfc062723c751e8b465ee728b)
Start importing Assets/3D Gamekit - Environment Pack/Environment/Vegetation/Large/Prefabs/VegetationLarge07.prefab using Guid(bcf2814cdb09f4c4b8f6f27937fb62b3) Importer(815301076,1909f56bfc062723c751e8b465ee728b)  -> (artifact id: 'f39c6ac1c9ab1d0e8972121cafe7bdc1') in 0.020849 seconds
Number of updated asset objects reloaded before import = 0
Number of asset objects unloaded after import = 27
========================================================================
Received Import Request.
  Time since last request: 0.000022 seconds.
  path: Assets/3D Gamekit - Environment Pack/Environment/Rocks/Models/CliffEdge03.fbx
  artifactKey: Guid(7acb6b7ad4c81464185b5008078f2118) Importer(815301076,1909f56bfc062723c751e8b465ee728b)
Start importing Assets/3D Gamekit - Environment Pack/Environment/Rocks/Models/CliffEdge03.fbx using Guid(7acb6b7ad4c81464185b5008078f2118) Importer(815301076,1909f56bfc062723c751e8b465ee728b)  -> (artifact id: 'd9cc8e0f5a056353b7b0f901d5233567') in 0.044702 seconds
Number of updated asset objects reloaded before import = 0
Number of asset objects unloaded after import = 31
========================================================================
Received Import Request.
  Time since last request: 0.000020 seconds.
  path: Assets/3D Gamekit - Environment Pack/Environment/Vegetation/Small/Materials/VegetationSmall03_Mat.mat
  artifactKey: Guid(d26378d7be0d13f468c0ddf749479579) Importer(815301076,1909f56bfc062723c751e8b465ee728b)
Start importing Assets/3D Gamekit - Environment Pack/Environment/Vegetation/Small/Materials/VegetationSmall03_Mat.mat using Guid(d26378d7be0d13f468c0ddf749479579) Importer(815301076,1909f56bfc062723c751e8b465ee728b)  -> (artifact id: '92123283a55f8246a1ddc60e622acbfd') in 0.016383 seconds
Number of updated asset objects reloaded before import = 0
Number of asset objects unloaded after import = 5
========================================================================
Received Import Request.
  Time since last request: 0.000015 seconds.
  path: Assets/3D Gamekit - Environment Pack/Environment/Rocks/Models/RockFloating01.fbx
  artifactKey: Guid(2be1311ba057652448cee2e5e7f1e84b) Importer(815301076,1909f56bfc062723c751e8b465ee728b)
Start importing Assets/3D Gamekit - Environment Pack/Environment/Rocks/Models/RockFloating01.fbx using Guid(2be1311ba057652448cee2e5e7f1e84b) Importer(815301076,1909f56bfc062723c751e8b465ee728b)  -> (artifact id: '29b456e39f1a27db793da01c1144e637') in 0.041860 seconds
Number of updated asset objects reloaded before import = 0
Number of asset objects unloaded after import = 25
========================================================================
Received Import Request.
  Time since last request: 0.000021 seconds.
  path: Assets/3D Gamekit - Environment Pack/Environment/Vegetation/Medium/Models/VegetationMedium04.fbx
  artifactKey: Guid(9ad0ee2e631896b49a1c0a73b7d815b5) Importer(815301076,1909f56bfc062723c751e8b465ee728b)
Start importing Assets/3D Gamekit - Environment Pack/Environment/Vegetation/Medium/Models/VegetationMedium04.fbx using Guid(9ad0ee2e631896b49a1c0a73b7d815b5) Importer(815301076,1909f56bfc062723c751e8b465ee728b)  -> (artifact id: 'ba56c77e850b9fcc678384d2ce22a1b0') in 0.045818 seconds
Number of updated asset objects reloaded before import = 0
Number of asset objects unloaded after import = 26
========================================================================
Received Import Request.
  Time since last request: 0.000021 seconds.
  path: Assets/3D Gamekit - Environment Pack/Environment/Rocks/Materials/Ridge02_Mat.mat
  artifactKey: Guid(2ccd8bf1a9f046849b58082f96cb9ceb) Importer(815301076,1909f56bfc062723c751e8b465ee728b)
Start importing Assets/3D Gamekit - Environment Pack/Environment/Rocks/Materials/Ridge02_Mat.mat using Guid(2ccd8bf1a9f046849b58082f96cb9ceb) Importer(815301076,1909f56bfc062723c751e8b465ee728b)  -> (artifact id: '3460eddea43be10aec8042b462327c4d') in 0.020114 seconds
Number of updated asset objects reloaded before import = 0
Number of asset objects unloaded after import = 11
========================================================================
Received Import Request.
  Time since last request: 0.000026 seconds.
  path: Assets/3D Gamekit - Environment Pack/Environment/Vegetation/Large/Materials/VegetationLarge01_Mat.mat
  artifactKey: Guid(9837bc8d745123a41b80f8b8f1fd6b86) Importer(815301076,1909f56bfc062723c751e8b465ee728b)
Start importing Assets/3D Gamekit - Environment Pack/Environment/Vegetation/Large/Materials/VegetationLarge01_Mat.mat using Guid(9837bc8d745123a41b80f8b8f1fd6b86) Importer(815301076,1909f56bfc062723c751e8b465ee728b)  -> (artifact id: '4e1ae525aa02783426b5e71cd4f0f3bb') in 0.019510 seconds
Number of updated asset objects reloaded before import = 0
Number of asset objects unloaded after import = 5
========================================================================
Received Import Request.
  Time since last request: 0.000030 seconds.
  path: Assets/3D Gamekit - Environment Pack/Environment/Vegetation/Medium/Materials/VegetationMedium05_Mat.mat
  artifactKey: Guid(aa387c8d5aebdc64392b021db5d2471a) Importer(815301076,1909f56bfc062723c751e8b465ee728b)
Start importing Assets/3D Gamekit - Environment Pack/Environment/Vegetation/Medium/Materials/VegetationMedium05_Mat.mat using Guid(aa387c8d5aebdc64392b021db5d2471a) Importer(815301076,1909f56bfc062723c751e8b465ee728b)  -> (artifact id: 'c73c1a712627e1e6343255f5969b275a') in 0.016164 seconds
Number of updated asset objects reloaded before import = 0
Number of asset objects unloaded after import = 5
========================================================================
Received Import Request.
  Time since last request: 0.000022 seconds.
  path: Assets/3D Gamekit - Environment Pack/Environment/Vegetation/Small/Materials/VegetationSmall01_Glowing.mat
  artifactKey: Guid(6b50833ee3cb96c459e29fd78fbee948) Importer(815301076,1909f56bfc062723c751e8b465ee728b)
Start importing Assets/3D Gamekit - Environment Pack/Environment/Vegetation/Small/Materials/VegetationSmall01_Glowing.mat using Guid(6b50833ee3cb96c459e29fd78fbee948) Importer(815301076,1909f56bfc062723c751e8b465ee728b)  -> (artifact id: '9b436d920fcdef26f606e22919f705aa') in 0.123888 seconds
Number of updated asset objects reloaded before import = 0
Number of asset objects unloaded after import = 6
========================================================================
Received Import Request.
  Time since last request: 0.000022 seconds.
  path: Assets/3D Gamekit - Environment Pack/Environment/Vegetation/Small/Materials/VegetationSmall01_MidGlow.mat
  artifactKey: Guid(d376df56b7d6a0d48b993388bd197827) Importer(815301076,1909f56bfc062723c751e8b465ee728b)
Start importing Assets/3D Gamekit - Environment Pack/Environment/Vegetation/Small/Materials/VegetationSmall01_MidGlow.mat using Guid(d376df56b7d6a0d48b993388bd197827) Importer(815301076,1909f56bfc062723c751e8b465ee728b)  -> (artifact id: '7662ea3cfc3f9ef41d6429a0f2256d2c') in 0.210495 seconds
Number of updated asset objects reloaded before import = 0
Number of asset objects unloaded after import = 4
========================================================================
Received Import Request.
  Time since last request: 55.563452 seconds.
  path: Assets/3D Gamekit - Environment Pack/Environment/Ground/Textures/Moss_Height.tif
  artifactKey: Guid(1c0d44c4e761653459dbec2e39672ae3) Importer(815301076,1909f56bfc062723c751e8b465ee728b)
Start importing Assets/3D Gamekit - Environment Pack/Environment/Ground/Textures/Moss_Height.tif using Guid(1c0d44c4e761653459dbec2e39672ae3) Importer(815301076,1909f56bfc062723c751e8b465ee728b)  -> (artifact id: '82c2e6e1542832ecfb9df701b1db23e0') in 0.108568 seconds
Number of updated asset objects reloaded before import = 0
Number of asset objects unloaded after import = 2
========================================================================
Received Import Request.
  Time since last request: 0.000015 seconds.
  path: Assets/3D Gamekit - Environment Pack/Environment/Ground/Textures/SmallStones_Albedo.tif
  artifactKey: Guid(8eb7c22efef95d4419727a0fd3a6c6a3) Importer(815301076,1909f56bfc062723c751e8b465ee728b)
Start importing Assets/3D Gamekit - Environment Pack/Environment/Ground/Textures/SmallStones_Albedo.tif using Guid(8eb7c22efef95d4419727a0fd3a6c6a3) Importer(815301076,1909f56bfc062723c751e8b465ee728b)  -> (artifact id: 'd75bdd95c03da0c6090088c39aa66188') in 0.011581 seconds
Number of updated asset objects reloaded before import = 0
Number of asset objects unloaded after import = 2
========================================================================
Received Prepare
Begin MonoManager ReloadAssembly
- Loaded All Assemblies, in  0.461 seconds
Refreshing native plugins compatible for Editor in 3.98 ms, found 3 plugins.
Native extension for WindowsStandalone target not found
Native extension for Android target not found
[Package Manager] Server::EnsureServerProcessIsRunning -- launch failed, reason: Unity was launched with the -noUpm command-line argument
[Package Manager] UpmClient::Send -- Unable to send message (not connected to UPM process).
[Package Manager] Cannot connect to Unity Package Manager local server
Mono: successfully reloaded assembly
- Finished resetting the current domain, in  1.037 seconds
Domain Reload Profiling: 1494ms
	BeginReloadAssembly (155ms)
		ExecutionOrderSort (0ms)
		DisableScriptedObjects (4ms)
		BackupInstance (0ms)
		ReleaseScriptingObjects (0ms)
		CreateAndSetChildDomain (35ms)
	RebuildCommonClasses (35ms)
	RebuildNativeTypeToScriptingClass (11ms)
	initialDomainReloadingComplete (34ms)
	LoadAllAssembliesAndSetupDomain (221ms)
		LoadAssemblies (287ms)
		RebuildTransferFunctionScriptingTraits (0ms)
		AnalyzeDomain (17ms)
			TypeCache.Refresh (8ms)
				TypeCache.ScanAssembly (0ms)
			ScanForSourceGeneratedMonoScriptInfo (0ms)
			ResolveRequiredComponents (7ms)
	FinalizeReload (1038ms)
		ReleaseScriptCaches (0ms)
		RebuildScriptCaches (0ms)
		SetupLoadedEditorAssemblies (464ms)
			LogAssemblyErrors (0ms)
			InitializePlatformSupportModulesInManaged (31ms)
			SetLoadedEditorAssemblies (3ms)
			RefreshPlugins (0ms)
			BeforeProcessingInitializeOnLoad (72ms)
			ProcessInitializeOnLoadAttributes (318ms)
			ProcessInitializeOnLoadMethodAttributes (28ms)
			AfterProcessingInitializeOnLoad (11ms)
			EditorAssembliesLoaded (0ms)
		ExecutionOrderSort2 (0ms)
		AwakeInstancesAfterBackupRestoration (8ms)
Refreshing native plugins compatible for Editor in 3.81 ms, found 3 plugins.
Preloading 0 native plugins for Editor in 0.00 ms.
Unloading 3087 Unused Serialized files (Serialized files now loaded: 0)
Unloading 23 unused Assets / (31.1 KB). Loaded Objects now: 3613.
Memory consumption went from 129.5 MB to 129.5 MB.
Total: 2.959000 ms (FindLiveObjects: 0.327600 ms CreateObjectMapping: 0.078500 ms MarkObjects: 2.486300 ms  DeleteObjects: 0.065400 ms)

Prepare: number of updated asset objects reloaded= 0
AssetImportParameters requested are different than current active one (requested -> active):
  custom:container-demuxer-ogg: 62fdf1f143b41e24485cea50d1cbac27 -> 
  custom:video-decoder-ogg-theora: a1e56fd34408186e4bbccfd4996cb3dc -> 
  custom:framework-win-MediaFoundation: 216162199b28c13a410421893ffa2e32 -> 
  custom:CustomObjectIndexerAttribute: 9a22284fe3817be447336de3de66b15e -> 
  custom:container-demuxer-webm: 4f35f7cbe854078d1ac9338744f61a02 -> 
  custom:container-muxer-webm: aa71ff27fc2769a1b78a27578f13a17b -> 
  custom:video-decoder-webm-vp8: 9c59270c3fd7afecdb556c50c9e8de78 -> 
  custom:SearchIndexIgnoredProperties: e643bd26f0fe6173181afceb89e7c659 -> 
  custom:AudioImporter_EditorPlatform: d09bf68614088b80899f8185d706f6e7 -> 
  custom:video-encoder-webm-vp8: eb34c28f22e8b96e1ab97ce403110664 -> 
  custom:audio-decoder-ogg-vorbis: bf7c407c2cedff20999df2af8eb42d56 -> 
  custom:audio-encoder-webm-vorbis: bf7c407c2cedff20999df2af8eb42d56 -> 
Editor requested this worker to shutdown with reason: Scaling down because of idle timeout
TcpMessagingSession - receive error: operation aborted. errorcode: 995, details: La operacin de E/S se anul por una salida de subproceso o por una solicitud de aplicacin.
AssetImportWorker is now disconnected from the server
Process exiting
Exiting without the bug reporter. Application will terminate with return code 0